2025-04-03T20:15:09.258427 [GNB     ] [I] Built in Release mode using commit 8120ffbce on branch main
2025-04-03T20:15:09.259135 [CONFIG  ] [I] Input configuration (only non-default values): 
log:
  filename: /tmp/gnb.log
  all_level: info
cu_cp:
  amf:
    addr: 10.53.1.2
    port: 38412
    bind_addr: 10.53.1.3
    supported_tracking_areas: "tac: 7\nplmn_list:\n  - plmn: 00101\n    tai_slice_support_list:\n      - sst: 1"
pcap:
  ngap_filename: /tmp/gnb_ngap.pcap
  ngap_enable: true
  mac_filename: /tmp/gnb_mac.pcap
  mac_enable: true
cell_cfg:
  dl_arfcn: 368500
  band: 3
  common_scs: 15
  channel_bandwidth_MHz: 20
  plmn: 00101
  tac: 7
  pdcch:
    common:
      coreset0_index: 12
      ss0_index: 0
    dedicated:
      dci_format_0_1_and_1_1: false
      ss2_type: common
  pdsch:
    mcs_table: qam64
  pusch:
    mcs_table: qam64
  prach:
    prach_config_index: 1
ru_sdr:
  srate: 23.04
  device_driver: uhd
  device_args: type=b200
  tx_gain: 80
  rx_gain: 50
  clock: external
2025-04-03T20:15:09.898949 [ALL     ] [I] Task worker "phy_prach#0" started...
2025-04-03T20:15:09.899260 [ALL     ] [I] Task worker "radio" started...
2025-04-03T20:15:09.899271 [ALL     ] [I] Task worker "ru_stats_worker" started...
2025-04-03T20:15:09.899350 [ALL     ] [I] Task worker "lower_phy_rx#0" started...
2025-04-03T20:15:09.899374 [ALL     ] [I] Task worker "lower_phy_tx#0" started...
2025-04-03T20:15:09.899445 [ALL     ] [I] Task worker "lower_phy_dl#0" started...
2025-04-03T20:15:09.899493 [ALL     ] [I] Task worker "lower_phy_ul#0" started...
2025-04-03T20:15:09.900786 [GTPU    ] [I] GTP-U demux. warn_on_drop=false test_mode=false
2025-04-03T20:15:09.900792 [GTPU    ] [I] Tunnel added. teid=0x000000
2025-04-03T20:15:09.900794 [UDP-GW  ] [I] UDP GW configured. rx_max_mmsg=256 pool_thres=0.9 ext_bind_addr=auto
2025-04-03T20:15:09.900897 [IO-EPOLL] [I] fd=8: Registered file descriptor successfully
2025-04-03T20:15:09.965394 [DU      ] [I] DU created successfully
2025-04-03T20:15:09.965400 [DU      ] [I] O-DU created successfully
2025-04-03T20:15:12.714649 [GNB     ] [I] SSB derived parameters for cell: 1, band: 3, dl_arfcn:368500, nof_crbs: 106 scs:15kHz, ssb_scs:15kHz:
	 - SSB offset pointA:40 
	 - k_SSB:6 
	 - SSB arfcn:368410 
	 - Coreset index:12 
	 - Searchspace index:0
2025-04-03T20:15:12.714700 [IO-EPOLL] [I] fd=0: Registered file descriptor successfully
2025-04-03T20:15:12.714704 [GNB     ] [I] Starting CU-CP...
2025-04-03T20:15:12.714869 [SCTP-GW ] [I] N2: Bind to 10.53.1.3:0 was successful
2025-04-03T20:15:12.715052 [IO-EPOLL] [I] fd=14: Registered file descriptor successfully
2025-04-03T20:15:12.715055 [SCTP-GW ] [I] N2: SCTP connection to AMF on 10.53.1.2:38412 was established
2025-04-03T20:15:12.715061 [CU-CP   ] [I] N2: Connection to AMF on 10.53.1.2:38412 was established
2025-04-03T20:15:12.715129 [NGAP    ] [I] Tx PDU: NGSetupRequest
2025-04-03T20:15:12.718541 [NGAP    ] [I] Rx PDU: NGSetupResponse
2025-04-03T20:15:12.718556 [CU-CP   ] [I] Connected to AMF. Supported PLMNs: 00101 
2025-04-03T20:15:12.718565 [GNB     ] [I] CU-CP started successfully
2025-04-03T20:15:12.718568 [CU-UP   ] [I] CU-UP starting...
2025-04-03T20:15:12.718691 [CU-CP   ] [I] Added TNL connection to CU-UP 0
2025-04-03T20:15:12.718710 [CU-UP-E1] [I] Sending E1SetupRequest
2025-04-03T20:15:12.718711 [CU-UP-E1] [I] Tx PDU tid=0: GNB-CU-UP-E1SetupRequest
2025-04-03T20:15:12.718718 [CU-CP-E1] [I] Rx PDU tid=0: GNB-CU-UP-E1SetupRequest
2025-04-03T20:15:12.718722 [CU-CP-E1] [I] Tx PDU tid=0: GNB-CU-UP-E1SetupResponse
2025-04-03T20:15:12.718724 [CU-UP-E1] [I] Rx PDU tid=0: GNB-CU-UP-E1SetupResponse
2025-04-03T20:15:12.718724 [CU-UP-E1] [I] "E1AP CU-UP Setup Procedure" finalized
2025-04-03T20:15:12.718731 [CU-UP   ] [I] CU-UP started successfully
2025-04-03T20:15:12.718734 [DU      ] [I] Starting DU...
2025-04-03T20:15:12.718734 [DU      ] [I] Starting DU-High...
2025-04-03T20:15:12.718735 [DU-MNG  ] [I] DU manager starting...
2025-04-03T20:15:12.718851 [CU-CP   ] [I] Added TNL connection to DU 0
2025-04-03T20:15:12.718961 [DU-MNG  ] [I] SIB1 cell=0: {
  "cellSelectionInfo": {
    "q-RxLevMin": -70,
    "q-QualMin": -20
  },
  "cellAccessRelatedInfo": {
    "plmn-IdentityInfoList": [
      {
        "plmn-IdentityList": [
          {
            "mcc": [
              0,
              0,
              1
            ],
            "mnc": [
              0,
              1
            ]
          }
        ],
        "trackingAreaCode": "000000000000000000000111",
        "cellIdentity": "000000000000011001101100000000000000",
        "cellReservedForOperatorUse": "notReserved"
      }
    ]
  },
  "connEstFailureControl": {
    "connEstFailCount": "n1",
    "connEstFailOffsetValidity": "s30",
    "connEstFailOffset": 1
  },
  "servingCellConfigCommon": {
    "downlinkConfigCommon": {
      "frequencyInfoDL": {
        "frequencyBandList": [
          {
            "freqBandIndicatorNR": 3
          }
        ],
        "offsetToPointA": 40,
        "scs-SpecificCarrierList": [
          {
            "offsetToCarrier": 0,
            "subcarrierSpacing": "kHz15",
            "carrierBandwidth": 106,
            "txDirectCurrentLocation": 636
          }
        ]
      },
      "initialDownlinkBWP": {
        "genericParameters": {
          "locationAndBandwidth": 28875,
          "subcarrierSpacing": "kHz15"
        },
        "pdcch-ConfigCommon": {
          {
            "commonSearchSpaceList": [
              {
                "searchSpaceId": 1,
                "controlResourceSetId": 0,
                "monitoringSlotPeriodicityAndOffset": {
                },
                "monitoringSymbolsWithinSlot": "10000000000000",
                "nrofCandidates": {
                  "aggregationLevel1": "n0",
                  "aggregationLevel2": "n0",
                  "aggregationLevel4": "n1",
                  "aggregationLevel8": "n0",
                  "aggregationLevel16": "n0"
                },
                "searchSpaceType": {
                  "common": {
                    "dci-Format0-0-AndFormat1-0": {
                    }
                  }
                }
              }
            ],
            "searchSpaceSIB1": 0,
            "pagingSearchSpace": 1,
            "ra-SearchSpace": 1
          }
        },
        "pdsch-ConfigCommon": {
          {
            "pdsch-TimeDomainAllocationList": [
              {
                "mappingType": "typeA",
                "startSymbolAndLength": 40
              }
            ]
          }
        }
      },
      "bcch-Config": {
        "modificationPeriodCoeff": "n4"
      },
      "pcch-Config": {
        "defaultPagingCycle": "rf128",
        "nAndPagingFrameOffset": {
        },
        "ns": "one"
      }
    },
    "uplinkConfigCommon": {
      "frequencyInfoUL": {
        "frequencyBandList": [
          {
            "freqBandIndicatorNR": 3
          }
        ],
        "absoluteFrequencyPointA": 347592,
        "scs-SpecificCarrierList": [
          {
            "offsetToCarrier": 0,
            "subcarrierSpacing": "kHz15",
            "carrierBandwidth": 106
          }
        ]
      },
      "initialUplinkBWP": {
        "genericParameters": {
          "locationAndBandwidth": 28875,
          "subcarrierSpacing": "kHz15"
        },
        "rach-ConfigCommon": {
          {
            "rach-ConfigGeneric": {
              "prach-ConfigurationIndex": 1,
              "msg1-FDM": "one",
              "msg1-FrequencyStart": 8,
              "zeroCorrelationZoneConfig": 0,
              "preambleReceivedTargetPower": -100,
              "preambleTransMax": "n7",
              "powerRampingStep": "dB4",
              "ra-ResponseWindow": "sl10"
            },
            "ssb-perRACH-OccasionAndCB-PreamblesPerSSB": {
              "one": "n64"
            },
            "ra-ContentionResolutionTimer": "sf64",
            "prach-RootSequenceIndex": {
              "l839": 1
            },
            "restrictedSetConfig": "unrestrictedSet"
          }
        },
        "pusch-ConfigCommon": {
          {
            "pusch-TimeDomainAllocationList": [
              {
                "k2": 4,
                "mappingType": "typeA",
                "startSymbolAndLength": 27
              }
            ],
            "msg3-DeltaPreamble": 6,
            "p0-NominalWithGrant": -76
          }
        },
        "pucch-ConfigCommon": {
          {
            "pucch-ResourceCommon": 11,
            "pucch-GroupHopping": "neither",
            "p0-nominal": -90
          }
        }
      },
      "timeAlignmentTimerCommon": "infinity"
    },
    "n-TimingAdvanceOffset": "n25600",
    "ssb-PositionsInBurst": {
      "inOneGroup": "10000000"
    },
    "ssb-PeriodicityServingCell": "ms10",
    "ss-PBCH-BlockPower": -16
  },
  "ue-TimersAndConstants": {
    "t300": "ms1000",
    "t301": "ms1000",
    "t310": "ms1000",
    "n310": "n1",
    "t311": "ms3000",
    "n311": "n1",
    "t319": "ms1000"
  }
}
2025-04-03T20:15:12.719006 [DU-F1   ] [I] F1 Setup: Sending F1 Setup Request to CU-CP...
2025-04-03T20:15:12.719009 [DU-F1   ] [I] Tx PDU du=0 tid=0: F1SetupRequest
2025-04-03T20:15:12.719028 [CU-CP-F1] [I] Rx PDU du=0 tid=0: F1SetupRequest
2025-04-03T20:15:12.719055 [CU-CP-F1] [I] Tx PDU du=0 tid=0: F1SetupResponse
2025-04-03T20:15:12.719060 [DU-F1   ] [I] Rx PDU du=0 tid=0: F1SetupResponse
2025-04-03T20:15:12.719061 [DU-F1   ] [I] F1 Setup: Procedure completed successfully.
2025-04-03T20:15:12.734515 [DU-MNG  ] [I] DU manager started successfully.
2025-04-03T20:15:12.734517 [DU      ] [I] DU-High started successfully
2025-04-03T20:15:12.734519 [DU      ] [I] DU started successfully
2025-04-03T20:15:12.735066 [SCHED   ] [I] [   272.5] Processed slot events pci=1: Cell creation idx=0 pci=1
2025-04-03T20:15:18.318098 [RF      ] [W] Real-time failure in RF: underflow
2025-04-03T20:15:19.042340 [FAPI    ] [W] [   893.3] Sector#0: Real-time failure in FAPI: Received late DL_TTI.request from slot 893.0
2025-04-03T20:15:19.042343 [FAPI    ] [W] [   893.3] Sector#0: Real-time failure in FAPI: Received late UL_TTI.request from slot 893.0
2025-04-03T20:15:19.042353 [SCHED   ] [I] [   893.1] Processed slot events pci=1: ErrorIndication slot=893.0, ErrorIndication slot=893.0
2025-04-03T20:15:19.050105 [PHY     ] [W] [   894.1] Resource grid with identifier 5 is not available.
2025-04-03T20:15:19.056130 [PHY     ] [W] [   893.1] Real-time failure in low-phy: Downlink data late for sector 0 and slot 893.1.
2025-04-03T20:15:48.462444 [RF      ] [W] Real-time failure in RF: underflow
2025-04-03T20:16:06.456688 [PHY     ] [W] [   514.7] Resource grid with identifier 1 is not available.
2025-04-03T20:16:06.462773 [PHY     ] [W] [   513.7] Real-time failure in low-phy: Downlink data late for sector 0 and slot 513.7.
2025-04-03T20:16:08.431664 [RF      ] [W] Real-time failure in RF: underflow
2025-04-03T20:16:11.567668 [RF      ] [W] Real-time failure in RF: underflow
2025-04-03T20:16:22.746426 [APP     ] [D] Stdin has data to read
2025-04-03T20:16:22.746443 [APP     ] [D] read 2 B from stdin
2025-04-03T20:16:23.802137 [APP     ] [D] Stdin has data to read
2025-04-03T20:16:23.802143 [APP     ] [D] read 3 B from stdin
2025-04-03T20:16:26.890240 [APP     ] [D] Stdin has data to read
2025-04-03T20:16:26.890245 [APP     ] [D] read 11 B from stdin
2025-04-03T20:16:32.618035 [APP     ] [D] Stdin has data to read
2025-04-03T20:16:32.618039 [APP     ] [D] read 11 B from stdin
2025-04-03T20:16:38.448963 [RF      ] [W] Real-time failure in RF: underflow
2025-04-03T20:16:51.768681 [RF      ] [W] Real-time failure in RF: underflow
2025-04-03T20:16:51.768693 [RF      ] [W] Real-time failure in RF: underflow
2025-04-03T20:16:51.770336 [RF      ] [W] Real-time failure in RF: overflow
2025-04-03T20:16:51.770715 [RF      ] [W] Real-time failure in RF: late
2025-04-03T20:16:51.770753 [RF      ] [W] Real-time failure in RF: late
2025-04-03T20:16:51.770796 [RF      ] [W] Real-time failure in RF: late
2025-04-03T20:16:51.770833 [RF      ] [W] Real-time failure in RF: late
2025-04-03T20:16:51.770912 [RF      ] [W] Real-time failure in RF: late
2025-04-03T20:16:51.770958 [RF      ] [W] Real-time failure in RF: late
2025-04-03T20:16:51.770995 [RF      ] [W] Real-time failure in RF: late
2025-04-03T20:16:51.771078 [RF      ] [W] Real-time failure in RF: late
2025-04-03T20:16:51.771080 [RF      ] [W] Real-time failure in RF: late
2025-04-03T20:16:51.771160 [RF      ] [W] Real-time failure in RF: late
2025-04-03T20:16:51.771161 [RF      ] [W] Real-time failure in RF: late
2025-04-03T20:16:51.771238 [RF      ] [W] Real-time failure in RF: late
2025-04-03T20:16:52.159133 [RF      ] [W] Real-time failure in RF: underflow
2025-04-03T20:16:52.529242 [RF      ] [W] Real-time failure in RF: underflow
2025-04-03T20:16:52.529263 [RF      ] [W] Real-time failure in RF: underflow
2025-04-03T20:16:52.530943 [RF      ] [W] Real-time failure in RF: overflow
2025-04-03T20:16:52.531316 [RF      ] [W] Real-time failure in RF: late
2025-04-03T20:16:52.531395 [RF      ] [W] Real-time failure in RF: late
2025-04-03T20:16:52.531400 [RF      ] [W] Real-time failure in RF: late
2025-04-03T20:16:52.531436 [RF      ] [W] Real-time failure in RF: late
2025-04-03T20:16:52.531512 [RF      ] [W] Real-time failure in RF: late
2025-04-03T20:16:52.531555 [RF      ] [W] Real-time failure in RF: late
2025-04-03T20:16:52.531593 [RF      ] [W] Real-time failure in RF: late
2025-04-03T20:16:52.531677 [RF      ] [W] Real-time failure in RF: late
2025-04-03T20:16:52.531679 [RF      ] [W] Real-time failure in RF: late
2025-04-03T20:16:52.531756 [RF      ] [W] Real-time failure in RF: late
2025-04-03T20:16:52.531757 [RF      ] [W] Real-time failure in RF: late
2025-04-03T20:16:52.531834 [RF      ] [W] Real-time failure in RF: late
2025-04-03T20:16:58.416225 [RF      ] [W] Real-time failure in RF: underflow
2025-04-03T20:16:58.416244 [RF      ] [W] Real-time failure in RF: underflow
2025-04-03T20:16:58.418068 [RF      ] [W] Real-time failure in RF: overflow
2025-04-03T20:16:58.418442 [RF      ] [W] Real-time failure in RF: late
2025-04-03T20:16:58.418481 [RF      ] [W] Real-time failure in RF: late
2025-04-03T20:16:58.418522 [RF      ] [W] Real-time failure in RF: late
2025-04-03T20:16:58.418561 [RF      ] [W] Real-time failure in RF: late
2025-04-03T20:16:58.418605 [RF      ] [W] Real-time failure in RF: late
2025-04-03T20:16:58.418683 [RF      ] [W] Real-time failure in RF: late
2025-04-03T20:16:58.418719 [RF      ] [W] Real-time failure in RF: late
2025-04-03T20:16:58.418801 [RF      ] [W] Real-time failure in RF: late
2025-04-03T20:16:58.418807 [RF      ] [W] Real-time failure in RF: late
2025-04-03T20:16:58.418883 [RF      ] [W] Real-time failure in RF: late
2025-04-03T20:16:58.418888 [RF      ] [W] Real-time failure in RF: late
2025-04-03T20:16:58.418961 [RF      ] [W] Real-time failure in RF: late
2025-04-03T20:17:01.768674 [RF      ] [W] Real-time failure in RF: underflow
2025-04-03T20:17:01.768675 [RF      ] [W] Real-time failure in RF: underflow
2025-04-03T20:17:01.770351 [RF      ] [W] Real-time failure in RF: overflow
2025-04-03T20:17:01.770730 [RF      ] [W] Real-time failure in RF: late
2025-04-03T20:17:01.770806 [RF      ] [W] Real-time failure in RF: late
2025-04-03T20:17:01.770842 [RF      ] [W] Real-time failure in RF: late
2025-04-03T20:17:01.770887 [RF      ] [W] Real-time failure in RF: late
2025-04-03T20:17:01.770923 [RF      ] [W] Real-time failure in RF: late
2025-04-03T20:17:01.770965 [RF      ] [W] Real-time failure in RF: late
2025-04-03T20:17:01.771003 [RF      ] [W] Real-time failure in RF: late
2025-04-03T20:17:01.771089 [RF      ] [W] Real-time failure in RF: late
2025-04-03T20:17:01.771090 [RF      ] [W] Real-time failure in RF: late
2025-04-03T20:17:01.771170 [RF      ] [W] Real-time failure in RF: late
2025-04-03T20:17:01.771170 [RF      ] [W] Real-time failure in RF: late
2025-04-03T20:17:02.768251 [RF      ] [W] Real-time failure in RF: underflow
2025-04-03T20:17:02.768266 [RF      ] [W] Real-time failure in RF: underflow
2025-04-03T20:17:02.769904 [RF      ] [W] Real-time failure in RF: overflow
2025-04-03T20:17:02.770264 [RF      ] [W] Real-time failure in RF: late
2025-04-03T20:17:02.770376 [RF      ] [W] Real-time failure in RF: late
2025-04-03T20:17:02.770388 [RF      ] [W] Real-time failure in RF: late
2025-04-03T20:17:02.770453 [RF      ] [W] Real-time failure in RF: late
2025-04-03T20:17:02.770454 [PHY     ] [W] [     1.4] Real-time failure in low-phy: PRACH request late for sector 0, slot 1.4 and start symbol 0.
2025-04-03T20:17:02.770459 [RF      ] [W] Real-time failure in RF: late
2025-04-03T20:17:02.770542 [RF      ] [W] Real-time failure in RF: late
2025-04-03T20:17:02.770549 [RF      ] [W] Real-time failure in RF: late
2025-04-03T20:17:02.770617 [RF      ] [W] Real-time failure in RF: late
2025-04-03T20:17:02.770652 [RF      ] [W] Real-time failure in RF: late
2025-04-03T20:17:02.770696 [RF      ] [W] Real-time failure in RF: late
2025-04-03T20:17:02.770733 [RF      ] [W] Real-time failure in RF: late
2025-04-03T20:17:02.770810 [RF      ] [W] Real-time failure in RF: late
2025-04-03T20:17:16.559438 [RF      ] [W] Real-time failure in RF: underflow
2025-04-03T20:17:16.559455 [RF      ] [W] Real-time failure in RF: underflow
2025-04-03T20:17:16.561239 [RF      ] [W] Real-time failure in RF: overflow
2025-04-03T20:17:16.561461 [RF      ] [W] Real-time failure in RF: late
2025-04-03T20:17:16.561500 [RF      ] [W] Real-time failure in RF: late
2025-04-03T20:17:16.561542 [RF      ] [W] Real-time failure in RF: late
2025-04-03T20:17:16.561580 [RF      ] [W] Real-time failure in RF: late
2025-04-03T20:17:16.561622 [RF      ] [W] Real-time failure in RF: late
2025-04-03T20:17:16.561702 [RF      ] [W] Real-time failure in RF: late
2025-04-03T20:17:16.561738 [RF      ] [W] Real-time failure in RF: late
2025-04-03T20:17:16.561822 [RF      ] [W] Real-time failure in RF: late
2025-04-03T20:17:16.561828 [RF      ] [W] Real-time failure in RF: late
2025-04-03T20:17:16.561902 [RF      ] [W] Real-time failure in RF: late
2025-04-03T20:17:16.561904 [RF      ] [W] Real-time failure in RF: late
2025-04-03T20:17:16.561981 [RF      ] [W] Real-time failure in RF: late
2025-04-03T20:17:18.963651 [PHY     ] [W] [   597.3] Resource grid with identifier 7 is not available.
2025-04-03T20:17:18.963654 [FAPI    ] [W] [   597.3] Could not enqueue NZP-CSI-RS PDU in the downlink processor
2025-04-03T20:17:18.963655 [FAPI    ] [W] [   597.3] Could not enqueue NZP-CSI-RS PDU in the downlink processor
2025-04-03T20:17:18.969533 [PHY     ] [W] [   596.3] Real-time failure in low-phy: Downlink data late for sector 0 and slot 596.3.
2025-04-03T20:17:24.947550 [RF      ] [W] Real-time failure in RF: underflow
2025-04-03T20:17:26.745505 [RF      ] [W] Real-time failure in RF: underflow
2025-04-03T20:17:28.543531 [RF      ] [W] Real-time failure in RF: underflow
2025-04-03T20:17:30.940555 [RF      ] [W] Real-time failure in RF: underflow
2025-04-03T20:17:32.738356 [RF      ] [W] Real-time failure in RF: underflow
2025-04-03T20:17:32.738370 [RF      ] [W] Real-time failure in RF: underflow
2025-04-03T20:17:32.740029 [RF      ] [W] Real-time failure in RF: overflow
2025-04-03T20:17:32.740375 [RF      ] [W] Real-time failure in RF: late
2025-04-03T20:17:32.740493 [RF      ] [W] Real-time failure in RF: late
2025-04-03T20:17:32.740499 [RF      ] [W] Real-time failure in RF: late
2025-04-03T20:17:32.740572 [RF      ] [W] Real-time failure in RF: late
2025-04-03T20:17:32.740578 [RF      ] [W] Real-time failure in RF: late
2025-04-03T20:17:32.740651 [RF      ] [W] Real-time failure in RF: late
2025-04-03T20:17:32.740655 [RF      ] [W] Real-time failure in RF: late
2025-04-03T20:17:32.740734 [RF      ] [W] Real-time failure in RF: late
2025-04-03T20:17:32.740770 [RF      ] [W] Real-time failure in RF: late
2025-04-03T20:17:32.740812 [RF      ] [W] Real-time failure in RF: late
2025-04-03T20:17:32.740852 [RF      ] [W] Real-time failure in RF: late
2025-04-03T20:17:32.740930 [RF      ] [W] Real-time failure in RF: late
2025-04-03T20:17:34.535592 [RF      ] [W] Real-time failure in RF: underflow
2025-04-03T20:17:41.768999 [FAPI    ] [W] [   829.8] Sector#0: Real-time failure in FAPI: Received late DL_TTI.request from slot 829.5
2025-04-03T20:17:41.769001 [FAPI    ] [W] [   829.8] Sector#0: Real-time failure in FAPI: Received late UL_TTI.request from slot 829.5
2025-04-03T20:17:41.769018 [SCHED   ] [I] [   829.6] Processed slot events pci=1: ErrorIndication slot=829.5, ErrorIndication slot=829.5
2025-04-03T20:17:41.776860 [PHY     ] [W] [   830.6] Resource grid with identifier 9 is not available.
2025-04-03T20:17:41.782900 [PHY     ] [W] [   829.6] Real-time failure in low-phy: Downlink data late for sector 0 and slot 829.6.
2025-04-03T20:17:43.729359 [RF      ] [W] Real-time failure in RF: underflow
2025-04-03T20:17:43.729368 [RF      ] [W] Real-time failure in RF: underflow
2025-04-03T20:17:43.729589 [RF      ] [W] Real-time failure in RF: underflow
2025-04-03T20:17:43.731075 [RF      ] [W] Real-time failure in RF: overflow
2025-04-03T20:17:43.731452 [RF      ] [W] Real-time failure in RF: late
2025-04-03T20:17:43.731490 [RF      ] [W] Real-time failure in RF: late
2025-04-03T20:17:43.731532 [RF      ] [W] Real-time failure in RF: late
2025-04-03T20:17:43.731569 [RF      ] [W] Real-time failure in RF: late
2025-04-03T20:17:43.731614 [RF      ] [W] Real-time failure in RF: late
2025-04-03T20:17:43.731688 [RF      ] [W] Real-time failure in RF: late
2025-04-03T20:17:43.731727 [RF      ] [W] Real-time failure in RF: late
2025-04-03T20:17:43.731811 [RF      ] [W] Real-time failure in RF: late
2025-04-03T20:17:43.731816 [RF      ] [W] Real-time failure in RF: late
2025-04-03T20:17:43.731891 [RF      ] [W] Real-time failure in RF: late
2025-04-03T20:17:43.731898 [RF      ] [W] Real-time failure in RF: late
2025-04-03T20:17:43.731970 [RF      ] [W] Real-time failure in RF: late
2025-04-03T20:17:49.396777 [RF      ] [W] Real-time failure in RF: underflow
2025-04-03T20:17:49.396793 [RF      ] [W] Real-time failure in RF: underflow
2025-04-03T20:17:49.398470 [RF      ] [W] Real-time failure in RF: overflow
2025-04-03T20:17:49.398845 [RF      ] [W] Real-time failure in RF: late
2025-04-03T20:17:49.398884 [RF      ] [W] Real-time failure in RF: late
2025-04-03T20:17:49.398931 [RF      ] [W] Real-time failure in RF: late
2025-04-03T20:17:49.398965 [RF      ] [W] Real-time failure in RF: late
2025-04-03T20:17:49.399043 [RF      ] [W] Real-time failure in RF: late
2025-04-03T20:17:49.399088 [RF      ] [W] Real-time failure in RF: late
2025-04-03T20:17:49.399122 [RF      ] [W] Real-time failure in RF: late
2025-04-03T20:17:49.399213 [RF      ] [W] Real-time failure in RF: late
2025-04-03T20:17:49.399214 [RF      ] [W] Real-time failure in RF: late
2025-04-03T20:17:49.399286 [RF      ] [W] Real-time failure in RF: late
2025-04-03T20:17:49.399291 [RF      ] [W] Real-time failure in RF: late
2025-04-03T20:17:49.399365 [RF      ] [W] Real-time failure in RF: late
2025-04-03T20:17:50.513787 [RF      ] [W] Real-time failure in RF: underflow
2025-04-03T20:17:51.392778 [RF      ] [W] Real-time failure in RF: underflow
2025-04-03T20:17:53.969364 [RF      ] [W] Real-time failure in RF: underflow
2025-04-03T20:17:53.969380 [RF      ] [W] Real-time failure in RF: underflow
2025-04-03T20:17:53.971064 [RF      ] [W] Real-time failure in RF: overflow
2025-04-03T20:17:53.971407 [RF      ] [W] Real-time failure in RF: late
2025-04-03T20:17:53.971523 [RF      ] [W] Real-time failure in RF: late
2025-04-03T20:17:53.971532 [RF      ] [W] Real-time failure in RF: late
2025-04-03T20:17:53.971606 [RF      ] [W] Real-time failure in RF: late
2025-04-03T20:17:53.971612 [RF      ] [W] Real-time failure in RF: late
2025-04-03T20:17:53.971689 [RF      ] [W] Real-time failure in RF: late
2025-04-03T20:17:53.971693 [RF      ] [W] Real-time failure in RF: late
2025-04-03T20:17:53.971764 [RF      ] [W] Real-time failure in RF: late
2025-04-03T20:17:53.971800 [RF      ] [W] Real-time failure in RF: late
2025-04-03T20:17:53.971848 [RF      ] [W] Real-time failure in RF: late
2025-04-03T20:17:53.971882 [RF      ] [W] Real-time failure in RF: late
2025-04-03T20:17:53.971926 [RF      ] [W] Real-time failure in RF: late
2025-04-03T20:18:04.656441 [RF      ] [W] Real-time failure in RF: underflow
2025-04-03T20:18:04.656450 [RF      ] [W] Real-time failure in RF: underflow
2025-04-03T20:18:04.658125 [RF      ] [W] Real-time failure in RF: overflow
2025-04-03T20:18:04.658471 [RF      ] [W] Real-time failure in RF: late
2025-04-03T20:18:04.658586 [RF      ] [W] Real-time failure in RF: late
2025-04-03T20:18:04.658592 [RF      ] [W] Real-time failure in RF: late
2025-04-03T20:18:04.658666 [RF      ] [W] Real-time failure in RF: late
2025-04-03T20:18:04.658671 [RF      ] [W] Real-time failure in RF: late
2025-04-03T20:18:04.658747 [RF      ] [W] Real-time failure in RF: late
2025-04-03T20:18:04.658752 [RF      ] [W] Real-time failure in RF: late
2025-04-03T20:18:04.658826 [RF      ] [W] Real-time failure in RF: late
2025-04-03T20:18:04.658865 [RF      ] [W] Real-time failure in RF: late
2025-04-03T20:18:04.658907 [RF      ] [W] Real-time failure in RF: late
2025-04-03T20:18:04.658946 [RF      ] [W] Real-time failure in RF: late
2025-04-03T20:18:04.659024 [RF      ] [W] Real-time failure in RF: late
2025-04-03T20:18:06.712127 [PHY     ] [W] [   252.1] Resource grid with identifier 4 is not available.
2025-04-03T20:18:06.718062 [PHY     ] [W] [   251.1] Real-time failure in low-phy: Downlink data late for sector 0 and slot 251.1.
2025-04-03T20:18:10.800414 [RF      ] [W] Real-time failure in RF: underflow
2025-04-03T20:18:10.800427 [RF      ] [W] Real-time failure in RF: underflow
2025-04-03T20:18:10.802074 [RF      ] [W] Real-time failure in RF: overflow
2025-04-03T20:18:10.802449 [RF      ] [W] Real-time failure in RF: late
2025-04-03T20:18:10.802530 [RF      ] [W] Real-time failure in RF: late
2025-04-03T20:18:10.802567 [RF      ] [W] Real-time failure in RF: late
2025-04-03T20:18:10.802610 [RF      ] [W] Real-time failure in RF: late
2025-04-03T20:18:10.802653 [RF      ] [W] Real-time failure in RF: late
2025-04-03T20:18:10.802727 [RF      ] [W] Real-time failure in RF: late
2025-04-03T20:18:10.802732 [RF      ] [W] Real-time failure in RF: late
2025-04-03T20:18:10.802809 [RF      ] [W] Real-time failure in RF: late
2025-04-03T20:18:10.802889 [RF      ] [W] Real-time failure in RF: late
2025-04-03T20:18:10.802896 [RF      ] [W] Real-time failure in RF: late
2025-04-03T20:18:10.802970 [RF      ] [W] Real-time failure in RF: late
2025-04-03T20:18:21.769313 [RF      ] [W] Real-time failure in RF: underflow
2025-04-03T20:18:21.769342 [RF      ] [W] Real-time failure in RF: underflow
2025-04-03T20:18:21.770973 [RF      ] [W] Real-time failure in RF: overflow
2025-04-03T20:18:21.771264 [RF      ] [W] Real-time failure in RF: late
2025-04-03T20:18:21.771301 [RF      ] [W] Real-time failure in RF: late
2025-04-03T20:18:21.771341 [RF      ] [W] Real-time failure in RF: late
2025-04-03T20:18:21.771376 [RF      ] [W] Real-time failure in RF: late
2025-04-03T20:18:21.771422 [RF      ] [W] Real-time failure in RF: late
2025-04-03T20:18:21.771498 [RF      ] [W] Real-time failure in RF: late
2025-04-03T20:18:21.771534 [RF      ] [W] Real-time failure in RF: late
2025-04-03T20:18:21.771619 [RF      ] [W] Real-time failure in RF: late
2025-04-03T20:18:21.771624 [RF      ] [W] Real-time failure in RF: late
2025-04-03T20:18:21.771700 [RF      ] [W] Real-time failure in RF: late
2025-04-03T20:18:21.771705 [RF      ] [W] Real-time failure in RF: late
2025-04-03T20:18:21.771775 [RF      ] [W] Real-time failure in RF: late
2025-04-03T20:18:24.430205 [RF      ] [W] Real-time failure in RF: underflow
2025-04-03T20:18:24.432452 [RF      ] [W] Real-time failure in RF: late
2025-04-03T20:18:24.432492 [RF      ] [W] Real-time failure in RF: late
2025-04-03T20:18:24.432540 [RF      ] [W] Real-time failure in RF: late
2025-04-03T20:18:24.432572 [RF      ] [W] Real-time failure in RF: late
2025-04-03T20:18:24.432616 [RF      ] [W] Real-time failure in RF: late
2025-04-03T20:18:24.432692 [RF      ] [W] Real-time failure in RF: late
2025-04-03T20:18:24.432727 [RF      ] [W] Real-time failure in RF: late
2025-04-03T20:18:24.432773 [RF      ] [W] Real-time failure in RF: late
2025-04-03T20:18:24.432809 [RF      ] [W] Real-time failure in RF: late
2025-04-03T20:18:24.432900 [RF      ] [W] Real-time failure in RF: late
2025-04-03T20:18:24.432901 [RF      ] [W] Real-time failure in RF: late
2025-04-03T20:18:24.432928 [RF      ] [W] Real-time failure in RF: late
2025-04-03T20:18:24.434030 [RF      ] [W] Real-time failure in RF: overflow
2025-04-03T20:18:24.434380 [RF      ] [W] Real-time failure in RF: late
2025-04-03T20:18:24.434501 [RF      ] [W] Real-time failure in RF: late
2025-04-03T20:18:24.434502 [RF      ] [W] Real-time failure in RF: late
2025-04-03T20:18:24.434577 [RF      ] [W] Real-time failure in RF: late
2025-04-03T20:18:24.434578 [RF      ] [W] Real-time failure in RF: late
2025-04-03T20:18:24.434664 [RF      ] [W] Real-time failure in RF: late
2025-04-03T20:18:24.434664 [RF      ] [W] Real-time failure in RF: late
2025-04-03T20:18:24.434740 [RF      ] [W] Real-time failure in RF: late
2025-04-03T20:18:24.434774 [RF      ] [W] Real-time failure in RF: late
2025-04-03T20:18:24.434819 [RF      ] [W] Real-time failure in RF: late
2025-04-03T20:18:24.434855 [RF      ] [W] Real-time failure in RF: late
2025-04-03T20:18:24.434900 [RF      ] [W] Real-time failure in RF: late
2025-04-03T20:18:33.526850 [DU      ] [I] Stopping DU...
2025-04-03T20:18:33.526850 [DU      ] [I] Stopping DU-High...
2025-04-03T20:18:33.526874 [MAC     ] [I] [   885.5] cell=0: Cell was stopped.
2025-04-03T20:18:33.526950 [DU-F1   ] [I] Tx PDU du=0 tid=1: F1RemovalRequest
2025-04-03T20:18:33.526954 [CU-CP-F1] [I] Rx PDU du=0 tid=1: F1RemovalRequest
2025-04-03T20:18:33.526960 [CU-CP-F1] [I] Tx PDU du=0 tid=1: F1RemovalResponse
2025-04-03T20:18:33.526962 [DU-F1   ] [I] Rx PDU du=0 tid=1: F1RemovalResponse
2025-04-03T20:18:33.526971 [CU-CP   ] [I] Removed DU 0
2025-04-03T20:18:33.526972 [DU-F1   ] [I] F1 Removal: F1 TNL association shut down
2025-04-03T20:18:33.526989 [DU      ] [I] DU-High stopped successfully
2025-04-03T20:18:33.526989 [DU      ] [I] DU stopped successfully
2025-04-03T20:18:33.527074 [CU-UP   ] [I] CU-UP stopped successfully
2025-04-03T20:18:33.527079 [CU-CP   ] [I] Stopping CU-CP...
2025-04-03T20:18:33.527186 [CU-CP   ] [I] Removed CU-UP 0
2025-04-03T20:18:33.527301 [CU-CP   ] [I] CU-CP stopped successfully.
2025-04-03T20:18:33.527302 [GNB     ] [I] Closing PCAP files...
2025-04-03T20:18:33.527397 [ALL     ] [I] Saved PCAP (DLT=152) to "/tmp/gnb_ngap.pcap" and closed
2025-04-03T20:18:33.527398 [ALL     ] [I] Failed to close already closed PCAP (DLT=152)
2025-04-03T20:18:33.527409 [ALL     ] [I] Failed to flush closed PCAP (DLT=152)
2025-04-03T20:18:33.527409 [ALL     ] [I] Failed to close already closed PCAP (DLT=152)
2025-04-03T20:18:33.527518 [ALL     ] [I] Saved PCAP (DLT=149) to "/tmp/gnb_mac.pcap" and closed
2025-04-03T20:18:33.527518 [ALL     ] [I] Failed to close already closed PCAP (DLT=149)
2025-04-03T20:18:33.527529 [ALL     ] [I] Failed to flush closed PCAP (DLT=149)
2025-04-03T20:18:33.527529 [ALL     ] [I] Failed to close already closed PCAP (DLT=149)
2025-04-03T20:18:33.527531 [GNB     ] [I] PCAP files successfully closed.
2025-04-03T20:18:33.527531 [GNB     ] [I] Stopping executors...
2025-04-03T20:18:33.527540 [ALL     ] [I] Task worker "lower_phy_ul#0" finished.
2025-04-03T20:18:33.527569 [ALL     ] [I] Task worker "lower_phy_dl#0" finished.
2025-04-03T20:18:33.527591 [ALL     ] [I] Task worker "lower_phy_tx#0" finished.
2025-04-03T20:18:33.527624 [ALL     ] [I] Task worker "radio" finished.
2025-04-03T20:18:33.527679 [ALL     ] [I] Task worker "pusch#0#0" finished.
2025-04-03T20:18:33.527694 [ALL     ] [I] Task worker "pusch#0#1" finished.
2025-04-03T20:18:33.527741 [ALL     ] [I] Task worker "up_phy_ul#0#0" finished.
2025-04-03T20:18:33.527750 [ALL     ] [I] Task worker "up_phy_ul#0#1" finished.
2025-04-03T20:18:33.527757 [ALL     ] [I] Task worker "lower_phy_rx#0" finished.
2025-04-03T20:18:33.527788 [ALL     ] [I] Task worker "ru_stats_worker" finished.
2025-04-03T20:18:33.527825 [ALL     ] [I] Task worker "du_cell#0" finished.
2025-04-03T20:18:33.527939 [ALL     ] [I] Task worker "up_phy_dl#0#0" finished.
2025-04-03T20:18:33.527948 [ALL     ] [I] Task worker "up_phy_dl#0#1" finished.
2025-04-03T20:18:33.527959 [ALL     ] [I] Task worker "up_phy_dl#0#2" finished.
2025-04-03T20:18:33.527973 [ALL     ] [I] Task worker "up_phy_dl#0#3" finished.
2025-04-03T20:18:33.527984 [ALL     ] [I] Task worker "up_phy_dl#0#4" finished.
2025-04-03T20:18:33.527997 [ALL     ] [I] Task worker "up_phy_dl#0#5" finished.
2025-04-03T20:18:33.528005 [ALL     ] [I] Task worker "phy_prach#0" finished.
2025-04-03T20:18:33.528162 [ALL     ] [I] Task worker "non_rt_pool#0" finished.
2025-04-03T20:18:33.528172 [ALL     ] [I] Task worker "non_rt_pool#1" finished.
2025-04-03T20:18:33.528178 [ALL     ] [I] Task worker "non_rt_pool#2" finished.
2025-04-03T20:18:33.528186 [ALL     ] [I] Task worker "non_rt_pool#3" finished.
2025-04-03T20:18:33.528187 [GNB     ] [I] Executors closed successfully.
2025-04-03T20:18:33.558717 [IO-EPOLL] [I] Closed io_broker
