2025-04-03T23:23:32.933323 [GNB     ] [I] Built in Release mode using commit 8120ffbce on branch main
2025-04-03T23:23:32.934145 [CONFIG  ] [I] Input configuration (only non-default values): 
log:
  filename: /tmp/gnb.log
  all_level: info
cu_cp:
  amf:
    addr: 10.53.1.2
    port: 38412
    bind_addr: 10.53.1.3
    supported_tracking_areas: "tac: 7\nplmn_list:\n  - plmn: 00101\n    tai_slice_support_list:\n      - sst: 1"
pcap:
  ngap_filename: /tmp/gnb_ngap.pcap
  ngap_enable: true
  mac_filename: /tmp/gnb_mac.pcap
  mac_enable: true
cell_cfg:
  dl_arfcn: 368500
  band: 3
  common_scs: 15
  channel_bandwidth_MHz: 5
  nof_antennas_ul: 1
  nof_antennas_dl: 1
  plmn: 00101
  tac: 7
  pdcch:
    common:
      ss0_index: 0
    dedicated:
      dci_format_0_1_and_1_1: false
      ss2_type: common
  pdsch:
    mcs_table: qam64
  pusch:
    mcs_table: qam64
  pucch:
    f0_or_f1_nof_cell_res_sr: 2
    f2_or_f3_or_f4_nof_cell_res_csi: 2
  prach:
    prach_config_index: 1
ru_sdr:
  srate: 5.76
  device_driver: uhd
  device_args: type=b200,num_recv_frames=64,num_send_frames=64
  tx_gain: 80
  rx_gain: 50
  clock: external
2025-04-03T23:23:33.552111 [ALL     ] [I] Task worker "phy_prach#0" started...
2025-04-03T23:23:33.552428 [ALL     ] [I] Task worker "radio" started...
2025-04-03T23:23:33.552524 [ALL     ] [I] Task worker "ru_stats_worker" started...
2025-04-03T23:23:33.552536 [ALL     ] [I] Task worker "lower_phy_tx#0" started...
2025-04-03T23:23:33.552581 [ALL     ] [I] Task worker "lower_phy_rx#0" started...
2025-04-03T23:23:33.552601 [ALL     ] [I] Task worker "lower_phy_dl#0" started...
2025-04-03T23:23:33.552642 [ALL     ] [I] Task worker "lower_phy_ul#0" started...
2025-04-03T23:23:33.553946 [GTPU    ] [I] GTP-U demux. warn_on_drop=false test_mode=false
2025-04-03T23:23:33.553951 [GTPU    ] [I] Tunnel added. teid=0x000000
2025-04-03T23:23:33.553953 [UDP-GW  ] [I] UDP GW configured. rx_max_mmsg=256 pool_thres=0.9 ext_bind_addr=auto
2025-04-03T23:23:33.554026 [IO-EPOLL] [I] fd=8: Registered file descriptor successfully
2025-04-03T23:23:33.668685 [DU      ] [I] DU created successfully
2025-04-03T23:23:33.668690 [DU      ] [I] O-DU created successfully
2025-04-03T23:23:36.226375 [GNB     ] [I] SSB derived parameters for cell: 1, band: 3, dl_arfcn:368500, nof_crbs: 25 scs:15kHz, ssb_scs:15kHz:
	 - SSB offset pointA:0 
	 - k_SSB:0 
	 - SSB arfcn:368410 
	 - Coreset index:0 
	 - Searchspace index:0
2025-04-03T23:23:36.226445 [IO-EPOLL] [I] fd=0: Registered file descriptor successfully
2025-04-03T23:23:36.226448 [GNB     ] [I] Starting CU-CP...
2025-04-03T23:23:36.226535 [SCTP-GW ] [I] N2: Bind to 10.53.1.3:0 was successful
2025-04-03T23:23:36.226639 [IO-EPOLL] [I] fd=14: Registered file descriptor successfully
2025-04-03T23:23:36.226643 [SCTP-GW ] [I] N2: SCTP connection to AMF on 10.53.1.2:38412 was established
2025-04-03T23:23:36.226644 [CU-CP   ] [I] N2: Connection to AMF on 10.53.1.2:38412 was established
2025-04-03T23:23:36.226693 [NGAP    ] [I] Tx PDU: NGSetupRequest
2025-04-03T23:23:36.229971 [NGAP    ] [I] Rx PDU: NGSetupResponse
2025-04-03T23:23:36.229989 [CU-CP   ] [I] Connected to AMF. Supported PLMNs: 00101 
2025-04-03T23:23:36.229996 [GNB     ] [I] CU-CP started successfully
2025-04-03T23:23:36.229999 [CU-UP   ] [I] CU-UP starting...
2025-04-03T23:23:36.230084 [CU-CP   ] [I] Added TNL connection to CU-UP 0
2025-04-03T23:23:36.230108 [CU-UP-E1] [I] Sending E1SetupRequest
2025-04-03T23:23:36.230109 [CU-UP-E1] [I] Tx PDU tid=0: GNB-CU-UP-E1SetupRequest
2025-04-03T23:23:36.230116 [CU-CP-E1] [I] Rx PDU tid=0: GNB-CU-UP-E1SetupRequest
2025-04-03T23:23:36.230120 [CU-CP-E1] [I] Tx PDU tid=0: GNB-CU-UP-E1SetupResponse
2025-04-03T23:23:36.230123 [CU-UP-E1] [I] Rx PDU tid=0: GNB-CU-UP-E1SetupResponse
2025-04-03T23:23:36.230124 [CU-UP-E1] [I] "E1AP CU-UP Setup Procedure" finalized
2025-04-03T23:23:36.230130 [CU-UP   ] [I] CU-UP started successfully
2025-04-03T23:23:36.230132 [DU      ] [I] Starting DU...
2025-04-03T23:23:36.230133 [DU      ] [I] Starting DU-High...
2025-04-03T23:23:36.230134 [DU-MNG  ] [I] DU manager starting...
2025-04-03T23:23:36.230181 [CU-CP   ] [I] Added TNL connection to DU 0
2025-04-03T23:23:36.230314 [DU-MNG  ] [I] SIB1 cell=0: {
  "cellSelectionInfo": {
    "q-RxLevMin": -70,
    "q-QualMin": -20
  },
  "cellAccessRelatedInfo": {
    "plmn-IdentityInfoList": [
      {
        "plmn-IdentityList": [
          {
            "mcc": [
              0,
              0,
              1
            ],
            "mnc": [
              0,
              1
            ]
          }
        ],
        "trackingAreaCode": "000000000000000000000111",
        "cellIdentity": "000000000000011001101100000000000000",
        "cellReservedForOperatorUse": "notReserved"
      }
    ]
  },
  "connEstFailureControl": {
    "connEstFailCount": "n1",
    "connEstFailOffsetValidity": "s30",
    "connEstFailOffset": 1
  },
  "servingCellConfigCommon": {
    "downlinkConfigCommon": {
      "frequencyInfoDL": {
        "frequencyBandList": [
          {
            "freqBandIndicatorNR": 3
          }
        ],
        "offsetToPointA": 0,
        "scs-SpecificCarrierList": [
          {
            "offsetToCarrier": 0,
            "subcarrierSpacing": "kHz15",
            "carrierBandwidth": 25,
            "txDirectCurrentLocation": 150
          }
        ]
      },
      "initialDownlinkBWP": {
        "genericParameters": {
          "locationAndBandwidth": 6600,
          "subcarrierSpacing": "kHz15"
        },
        "pdcch-ConfigCommon": {
          {
            "commonSearchSpaceList": [
              {
                "searchSpaceId": 1,
                "controlResourceSetId": 0,
                "monitoringSlotPeriodicityAndOffset": {
                },
                "monitoringSymbolsWithinSlot": "10000000000000",
                "nrofCandidates": {
                  "aggregationLevel1": "n0",
                  "aggregationLevel2": "n0",
                  "aggregationLevel4": "n1",
                  "aggregationLevel8": "n0",
                  "aggregationLevel16": "n0"
                },
                "searchSpaceType": {
                  "common": {
                    "dci-Format0-0-AndFormat1-0": {
                    }
                  }
                }
              }
            ],
            "searchSpaceSIB1": 0,
            "pagingSearchSpace": 1,
            "ra-SearchSpace": 1
          }
        },
        "pdsch-ConfigCommon": {
          {
            "pdsch-TimeDomainAllocationList": [
              {
                "mappingType": "typeA",
                "startSymbolAndLength": 53
              }
            ]
          }
        }
      },
      "bcch-Config": {
        "modificationPeriodCoeff": "n4"
      },
      "pcch-Config": {
        "defaultPagingCycle": "rf128",
        "nAndPagingFrameOffset": {
        },
        "ns": "one"
      }
    },
    "uplinkConfigCommon": {
      "frequencyInfoUL": {
        "frequencyBandList": [
          {
            "freqBandIndicatorNR": 3
          }
        ],
        "absoluteFrequencyPointA": 349050,
        "scs-SpecificCarrierList": [
          {
            "offsetToCarrier": 0,
            "subcarrierSpacing": "kHz15",
            "carrierBandwidth": 25
          }
        ]
      },
      "initialUplinkBWP": {
        "genericParameters": {
          "locationAndBandwidth": 6600,
          "subcarrierSpacing": "kHz15"
        },
        "rach-ConfigCommon": {
          {
            "rach-ConfigGeneric": {
              "prach-ConfigurationIndex": 1,
              "msg1-FDM": "one",
              "msg1-FrequencyStart": 7,
              "zeroCorrelationZoneConfig": 0,
              "preambleReceivedTargetPower": -100,
              "preambleTransMax": "n7",
              "powerRampingStep": "dB4",
              "ra-ResponseWindow": "sl10"
            },
            "ssb-perRACH-OccasionAndCB-PreamblesPerSSB": {
              "one": "n64"
            },
            "ra-ContentionResolutionTimer": "sf64",
            "prach-RootSequenceIndex": {
              "l839": 1
            },
            "restrictedSetConfig": "unrestrictedSet"
          }
        },
        "pusch-ConfigCommon": {
          {
            "pusch-TimeDomainAllocationList": [
              {
                "k2": 4,
                "mappingType": "typeA",
                "startSymbolAndLength": 27
              }
            ],
            "msg3-DeltaPreamble": 6,
            "p0-NominalWithGrant": -76
          }
        },
        "pucch-ConfigCommon": {
          {
            "pucch-ResourceCommon": 11,
            "pucch-GroupHopping": "neither",
            "p0-nominal": -90
          }
        }
      },
      "timeAlignmentTimerCommon": "infinity"
    },
    "n-TimingAdvanceOffset": "n25600",
    "ssb-PositionsInBurst": {
      "inOneGroup": "10000000"
    },
    "ssb-PeriodicityServingCell": "ms10",
    "ss-PBCH-BlockPower": -16
  },
  "ue-TimersAndConstants": {
    "t300": "ms1000",
    "t301": "ms1000",
    "t310": "ms1000",
    "n310": "n1",
    "t311": "ms3000",
    "n311": "n1",
    "t319": "ms1000"
  }
}
2025-04-03T23:23:36.230359 [DU-F1   ] [I] F1 Setup: Sending F1 Setup Request to CU-CP...
2025-04-03T23:23:36.230363 [DU-F1   ] [I] Tx PDU du=0 tid=0: F1SetupRequest
2025-04-03T23:23:36.230382 [CU-CP-F1] [I] Rx PDU du=0 tid=0: F1SetupRequest
2025-04-03T23:23:36.230404 [CU-CP-F1] [I] Tx PDU du=0 tid=0: F1SetupResponse
2025-04-03T23:23:36.230408 [DU-F1   ] [I] Rx PDU du=0 tid=0: F1SetupResponse
2025-04-03T23:23:36.230410 [DU-F1   ] [I] F1 Setup: Procedure completed successfully.
2025-04-03T23:23:36.245295 [DU-MNG  ] [I] DU manager started successfully.
2025-04-03T23:23:36.245296 [DU      ] [I] DU-High started successfully
2025-04-03T23:23:36.245298 [DU      ] [I] DU started successfully
2025-04-03T23:23:36.245795 [SCHED   ] [I] [   487.8] Processed slot events pci=1: Cell creation idx=0 pci=1
2025-04-03T23:23:46.416228 [FAPI    ] [W] [   470.9] Sector#0: Real-time failure in FAPI: Received late DL_TTI.request from slot 470.6
2025-04-03T23:23:46.416229 [FAPI    ] [W] [   470.9] Sector#0: Real-time failure in FAPI: Received late UL_TTI.request from slot 470.6
2025-04-03T23:23:46.416237 [SCHED   ] [I] [   470.7] Processed slot events pci=1: ErrorIndication slot=470.6, ErrorIndication slot=470.6
2025-04-03T23:23:46.424105 [PHY     ] [W] [   471.7] Resource grid with identifier 8 is not available.
2025-04-03T23:23:46.430144 [PHY     ] [W] [   470.7] Real-time failure in low-phy: Downlink data late for sector 0 and slot 470.7.
2025-04-03T23:23:56.399643 [RF      ] [W] Real-time failure in RF: underflow
2025-04-03T23:24:13.477540 [RF      ] [W] Real-time failure in RF: underflow
2025-04-03T23:24:16.440963 [PHY     ] [W] [   401.4] Resource grid with identifier 5 is not available.
2025-04-03T23:24:16.446986 [PHY     ] [W] [   400.4] Real-time failure in low-phy: Downlink data late for sector 0 and slot 400.4.
2025-04-03T23:24:21.813557 [RF      ] [W] Real-time failure in RF: underflow
2025-04-03T23:24:48.439740 [PHY     ] [W] [   529.3] Resource grid with identifier 4 is not available.
2025-04-03T23:24:48.439743 [FAPI    ] [W] [   529.3] Could not enqueue NZP-CSI-RS PDU in the downlink processor
2025-04-03T23:24:48.439743 [FAPI    ] [W] [   529.3] Could not enqueue NZP-CSI-RS PDU in the downlink processor
2025-04-03T23:24:48.445742 [PHY     ] [W] [   528.3] Real-time failure in low-phy: Downlink data late for sector 0 and slot 528.3.
2025-04-03T23:24:52.749359 [RF      ] [W] Real-time failure in RF: underflow
2025-04-03T23:24:52.749382 [RF      ] [W] Real-time failure in RF: underflow
2025-04-03T23:25:02.447316 [RF      ] [W] Real-time failure in RF: underflow
2025-04-03T23:25:02.782249 [RF      ] [W] Real-time failure in RF: underflow
2025-04-03T23:25:05.334234 [RF      ] [W] Real-time failure in RF: underflow
2025-04-03T23:25:12.789200 [RF      ] [W] Real-time failure in RF: underflow
2025-04-03T23:25:16.924170 [RF      ] [W] Real-time failure in RF: underflow
2025-04-03T23:25:18.926159 [RF      ] [W] Real-time failure in RF: underflow
2025-04-03T23:25:21.615145 [RF      ] [W] Real-time failure in RF: underflow
2025-04-03T23:25:22.807184 [RF      ] [W] Real-time failure in RF: underflow
2025-04-03T23:25:22.809289 [RF      ] [W] Real-time failure in RF: late
2025-04-03T23:25:22.809449 [RF      ] [W] Real-time failure in RF: late
2025-04-03T23:25:22.809659 [RF      ] [W] Real-time failure in RF: late
2025-04-03T23:25:26.449223 [RF      ] [W] Real-time failure in RF: underflow
2025-04-03T23:25:26.449242 [RF      ] [W] Real-time failure in RF: underflow
2025-04-03T23:25:26.703137 [RF      ] [W] Real-time failure in RF: underflow
2025-04-03T23:25:32.464088 [RF      ] [W] Real-time failure in RF: underflow
2025-04-03T23:25:32.809151 [RF      ] [W] Real-time failure in RF: underflow
2025-04-03T23:25:42.812046 [RF      ] [W] Real-time failure in RF: underflow
2025-04-03T23:25:46.414039 [RF      ] [W] Real-time failure in RF: underflow
2025-04-03T23:25:46.416309 [RF      ] [W] Real-time failure in RF: late
2025-04-03T23:25:46.416513 [RF      ] [W] Real-time failure in RF: late
2025-04-03T23:25:46.416657 [RF      ] [W] Real-time failure in RF: late
2025-04-03T23:25:51.203999 [RF      ] [W] Real-time failure in RF: underflow
2025-04-03T23:25:52.829983 [RF      ] [W] Real-time failure in RF: underflow
2025-04-03T23:25:58.448239 [RF      ] [W] Real-time failure in RF: underflow
2025-04-03T23:25:58.448252 [RF      ] [W] Real-time failure in RF: underflow
2025-04-03T23:25:58.456331 [PHY     ] [W] [   363.0] Resource grid with identifier 1 is not available.
2025-04-03T23:25:58.456333 [FAPI    ] [W] [   363.0] Could not enqueue SSB PDU in the downlink processor
2025-04-03T23:25:58.462370 [PHY     ] [W] [   362.0] Real-time failure in low-phy: Downlink data late for sector 0 and slot 362.0.
2025-04-03T23:26:06.640220 [RF      ] [W] Real-time failure in RF: underflow
2025-04-03T23:26:06.640235 [RF      ] [W] Real-time failure in RF: underflow
2025-04-03T23:26:16.431868 [RF      ] [W] Real-time failure in RF: underflow
2025-04-03T23:27:00.185745 [RF      ] [W] Real-time failure in RF: underflow
2025-04-03T23:27:06.415678 [RF      ] [W] Real-time failure in RF: underflow
2025-04-03T23:27:16.856641 [RF      ] [W] Real-time failure in RF: underflow
2025-04-03T23:27:21.303580 [RF      ] [W] Real-time failure in RF: underflow
2025-04-03T23:27:25.102573 [RF      ] [W] Real-time failure in RF: underflow
2025-04-03T23:27:26.447608 [RF      ] [W] Real-time failure in RF: underflow
2025-04-03T23:27:31.245573 [RF      ] [W] Real-time failure in RF: underflow
2025-04-03T23:27:46.415477 [RF      ] [W] Real-time failure in RF: underflow
2025-04-03T23:27:48.464468 [RF      ] [W] Real-time failure in RF: underflow
2025-04-03T23:28:15.207447 [RF      ] [W] Real-time failure in RF: underflow
2025-04-03T23:28:23.542530 [RF      ] [W] Real-time failure in RF: underflow
2025-04-03T23:28:28.399317 [RF      ] [W] Real-time failure in RF: underflow
2025-04-03T23:28:32.432302 [RF      ] [W] Real-time failure in RF: underflow
2025-04-03T23:28:43.065019 [RF      ] [W] Real-time failure in RF: underflow
2025-04-03T23:28:43.065034 [RF      ] [W] Real-time failure in RF: underflow
2025-04-03T23:28:58.415219 [RF      ] [W] Real-time failure in RF: underflow
2025-04-03T23:28:58.424665 [PHY     ] [W] [   951.9] Resource grid with identifier 0 is not available.
2025-04-03T23:28:58.430705 [PHY     ] [W] [   950.9] Real-time failure in low-phy: Downlink data late for sector 0 and slot 950.9.
2025-04-03T23:28:58.673232 [RF      ] [W] Real-time failure in RF: underflow
2025-04-03T23:28:58.673242 [RF      ] [W] Real-time failure in RF: underflow
2025-04-03T23:29:03.085759 [RF      ] [W] Real-time failure in RF: underflow
2025-04-03T23:29:03.085775 [RF      ] [W] Real-time failure in RF: underflow
2025-04-03T23:29:05.220204 [RF      ] [W] Real-time failure in RF: underflow
2025-04-03T23:29:13.087663 [RF      ] [W] Real-time failure in RF: underflow
2025-04-03T23:29:13.087674 [RF      ] [W] Real-time failure in RF: underflow
2025-04-03T23:29:16.935185 [RF      ] [W] Real-time failure in RF: underflow
2025-04-03T23:29:16.935197 [RF      ] [W] Real-time failure in RF: underflow
2025-04-03T23:29:18.936324 [RF      ] [W] Real-time failure in RF: underflow
2025-04-03T23:29:18.936326 [RF      ] [W] Real-time failure in RF: underflow
2025-04-03T23:29:20.861014 [RF      ] [W] Real-time failure in RF: underflow
2025-04-03T23:29:20.861028 [RF      ] [W] Real-time failure in RF: underflow
2025-04-03T23:29:23.089740 [RF      ] [W] Real-time failure in RF: underflow
2025-04-03T23:29:23.089757 [RF      ] [W] Real-time failure in RF: underflow
2025-04-03T23:29:29.320528 [DU      ] [I] Stopping DU...
2025-04-03T23:29:29.320528 [DU      ] [I] Stopping DU-High...
2025-04-03T23:29:29.320554 [MAC     ] [I] [   969.5] cell=0: Cell was stopped.
2025-04-03T23:29:29.320629 [DU-F1   ] [I] Tx PDU du=0 tid=1: F1RemovalRequest
2025-04-03T23:29:29.320635 [CU-CP-F1] [I] Rx PDU du=0 tid=1: F1RemovalRequest
2025-04-03T23:29:29.320644 [CU-CP-F1] [I] Tx PDU du=0 tid=1: F1RemovalResponse
2025-04-03T23:29:29.320651 [DU-F1   ] [I] Rx PDU du=0 tid=1: F1RemovalResponse
2025-04-03T23:29:29.320671 [CU-CP   ] [I] Removed DU 0
2025-04-03T23:29:29.320677 [DU-F1   ] [I] F1 Removal: F1 TNL association shut down
2025-04-03T23:29:29.320699 [DU      ] [I] DU-High stopped successfully
2025-04-03T23:29:29.320699 [DU      ] [I] DU stopped successfully
2025-04-03T23:29:29.320860 [CU-UP   ] [I] CU-UP stopped successfully
2025-04-03T23:29:29.320866 [CU-CP   ] [I] Stopping CU-CP...
2025-04-03T23:29:29.320973 [CU-CP   ] [I] Removed CU-UP 0
2025-04-03T23:29:29.321100 [CU-CP   ] [I] CU-CP stopped successfully.
2025-04-03T23:29:29.321100 [GNB     ] [I] Closing PCAP files...
2025-04-03T23:29:29.321531 [ALL     ] [I] Saved PCAP (DLT=152) to "/tmp/gnb_ngap.pcap" and closed
2025-04-03T23:29:29.321531 [ALL     ] [I] Failed to close already closed PCAP (DLT=152)
2025-04-03T23:29:29.321545 [ALL     ] [I] Failed to flush closed PCAP (DLT=152)
2025-04-03T23:29:29.321545 [ALL     ] [I] Failed to close already closed PCAP (DLT=152)
2025-04-03T23:29:29.321600 [ALL     ] [I] Saved PCAP (DLT=149) to "/tmp/gnb_mac.pcap" and closed
2025-04-03T23:29:29.321600 [ALL     ] [I] Failed to close already closed PCAP (DLT=149)
2025-04-03T23:29:29.321626 [ALL     ] [I] Failed to flush closed PCAP (DLT=149)
2025-04-03T23:29:29.321626 [ALL     ] [I] Failed to close already closed PCAP (DLT=149)
2025-04-03T23:29:29.321627 [GNB     ] [I] PCAP files successfully closed.
2025-04-03T23:29:29.321628 [GNB     ] [I] Stopping executors...
2025-04-03T23:29:29.321636 [ALL     ] [I] Task worker "lower_phy_ul#0" finished.
2025-04-03T23:29:29.321670 [ALL     ] [I] Task worker "lower_phy_dl#0" finished.
2025-04-03T23:29:29.321689 [ALL     ] [I] Task worker "lower_phy_tx#0" finished.
2025-04-03T23:29:29.321711 [ALL     ] [I] Task worker "radio" finished.
2025-04-03T23:29:29.321785 [ALL     ] [I] Task worker "pusch#0#0" finished.
2025-04-03T23:29:29.321794 [ALL     ] [I] Task worker "pusch#0#1" finished.
2025-04-03T23:29:29.321830 [ALL     ] [I] Task worker "up_phy_ul#0#0" finished.
2025-04-03T23:29:29.321838 [ALL     ] [I] Task worker "up_phy_ul#0#1" finished.
2025-04-03T23:29:29.321861 [ALL     ] [I] Task worker "lower_phy_rx#0" finished.
2025-04-03T23:29:29.321898 [ALL     ] [I] Task worker "ru_stats_worker" finished.
2025-04-03T23:29:29.321945 [ALL     ] [I] Task worker "du_cell#0" finished.
2025-04-03T23:29:29.322054 [ALL     ] [I] Task worker "up_phy_dl#0#0" finished.
2025-04-03T23:29:29.322068 [ALL     ] [I] Task worker "up_phy_dl#0#1" finished.
2025-04-03T23:29:29.322078 [ALL     ] [I] Task worker "up_phy_dl#0#2" finished.
2025-04-03T23:29:29.322087 [ALL     ] [I] Task worker "up_phy_dl#0#3" finished.
2025-04-03T23:29:29.322094 [ALL     ] [I] Task worker "up_phy_dl#0#4" finished.
2025-04-03T23:29:29.322100 [ALL     ] [I] Task worker "up_phy_dl#0#5" finished.
2025-04-03T23:29:29.322108 [ALL     ] [I] Task worker "phy_prach#0" finished.
2025-04-03T23:29:29.322240 [ALL     ] [I] Task worker "non_rt_pool#0" finished.
2025-04-03T23:29:29.322248 [ALL     ] [I] Task worker "non_rt_pool#1" finished.
2025-04-03T23:29:29.322253 [ALL     ] [I] Task worker "non_rt_pool#2" finished.
2025-04-03T23:29:29.322259 [ALL     ] [I] Task worker "non_rt_pool#3" finished.
2025-04-03T23:29:29.322259 [GNB     ] [I] Executors closed successfully.
2025-04-03T23:29:29.349107 [IO-EPOLL] [I] Closed io_broker
