2025-04-03T19:48:25.939723 [GNB     ] [I] Built in Release mode using commit 8120ffbce on branch main
2025-04-03T19:48:25.940388 [CONFIG  ] [I] Input configuration (only non-default values): 
log:
  filename: /tmp/gnb.log
  all_level: info
cu_cp:
  amf:
    addr: 10.53.1.2
    port: 38412
    bind_addr: 10.53.1.3
    supported_tracking_areas: "tac: 7\nplmn_list:\n  - plmn: 00101\n    tai_slice_support_list:\n      - sst: 1"
pcap:
  ngap_filename: /tmp/gnb_ngap.pcap
  ngap_enable: true
  mac_filename: /tmp/gnb_mac.pcap
  mac_enable: true
cell_cfg:
  dl_arfcn: 368500
  band: 3
  common_scs: 15
  channel_bandwidth_MHz: 20
  plmn: 00101
  tac: 7
  pdcch:
    common:
      coreset0_index: 12
      ss0_index: 0
    dedicated:
      dci_format_0_1_and_1_1: false
      ss2_type: common
  pdsch:
    mcs_table: qam64
  pusch:
    mcs_table: qam64
  prach:
    prach_config_index: 1
ru_sdr:
  srate: 23.04
  device_driver: uhd
  device_args: type=b200
  tx_gain: 80
  rx_gain: 50
  clock: external
2025-04-03T19:48:26.572249 [ALL     ] [I] Task worker "phy_prach#0" started...
2025-04-03T19:48:26.572558 [ALL     ] [I] Task worker "radio" started...
2025-04-03T19:48:26.572635 [ALL     ] [I] Task worker "lower_phy_tx#0" started...
2025-04-03T19:48:26.572654 [ALL     ] [I] Task worker "lower_phy_rx#0" started...
2025-04-03T19:48:26.572664 [ALL     ] [I] Task worker "ru_stats_worker" started...
2025-04-03T19:48:26.572712 [ALL     ] [I] Task worker "lower_phy_dl#0" started...
2025-04-03T19:48:26.572723 [ALL     ] [I] Task worker "lower_phy_ul#0" started...
2025-04-03T19:48:26.574091 [GTPU    ] [I] GTP-U demux. warn_on_drop=false test_mode=false
2025-04-03T19:48:26.574100 [GTPU    ] [I] Tunnel added. teid=0x000000
2025-04-03T19:48:26.574102 [UDP-GW  ] [I] UDP GW configured. rx_max_mmsg=256 pool_thres=0.9 ext_bind_addr=auto
2025-04-03T19:48:26.574226 [IO-EPOLL] [I] fd=8: Registered file descriptor successfully
2025-04-03T19:48:26.761849 [DU      ] [I] DU created successfully
2025-04-03T19:48:26.761857 [DU      ] [I] O-DU created successfully
2025-04-03T19:48:28.509943 [GNB     ] [I] SSB derived parameters for cell: 1, band: 3, dl_arfcn:368500, nof_crbs: 106 scs:15kHz, ssb_scs:15kHz:
	 - SSB offset pointA:40 
	 - k_SSB:6 
	 - SSB arfcn:368410 
	 - Coreset index:12 
	 - Searchspace index:0
2025-04-03T19:48:28.510014 [IO-EPOLL] [I] fd=0: Registered file descriptor successfully
2025-04-03T19:48:28.510017 [GNB     ] [I] Starting CU-CP...
2025-04-03T19:48:28.510100 [SCTP-GW ] [I] N2: Bind to 10.53.1.3:0 was successful
2025-04-03T19:48:28.510235 [IO-EPOLL] [I] fd=14: Registered file descriptor successfully
2025-04-03T19:48:28.510237 [SCTP-GW ] [I] N2: SCTP connection to AMF on 10.53.1.2:38412 was established
2025-04-03T19:48:28.510241 [CU-CP   ] [I] N2: Connection to AMF on 10.53.1.2:38412 was established
2025-04-03T19:48:28.510288 [NGAP    ] [I] Tx PDU: NGSetupRequest
2025-04-03T19:48:28.514238 [NGAP    ] [I] Rx PDU: NGSetupResponse
2025-04-03T19:48:28.514252 [CU-CP   ] [I] Connected to AMF. Supported PLMNs: 00101 
2025-04-03T19:48:28.514267 [GNB     ] [I] CU-CP started successfully
2025-04-03T19:48:28.514271 [CU-UP   ] [I] CU-UP starting...
2025-04-03T19:48:28.514379 [CU-CP   ] [I] Added TNL connection to CU-UP 0
2025-04-03T19:48:28.514396 [CU-UP-E1] [I] Sending E1SetupRequest
2025-04-03T19:48:28.514398 [CU-UP-E1] [I] Tx PDU tid=0: GNB-CU-UP-E1SetupRequest
2025-04-03T19:48:28.514403 [CU-CP-E1] [I] Rx PDU tid=0: GNB-CU-UP-E1SetupRequest
2025-04-03T19:48:28.514408 [CU-CP-E1] [I] Tx PDU tid=0: GNB-CU-UP-E1SetupResponse
2025-04-03T19:48:28.514411 [CU-UP-E1] [I] Rx PDU tid=0: GNB-CU-UP-E1SetupResponse
2025-04-03T19:48:28.514413 [CU-UP-E1] [I] "E1AP CU-UP Setup Procedure" finalized
2025-04-03T19:48:28.514421 [CU-UP   ] [I] CU-UP started successfully
2025-04-03T19:48:28.514424 [DU      ] [I] Starting DU...
2025-04-03T19:48:28.514424 [DU      ] [I] Starting DU-High...
2025-04-03T19:48:28.514425 [DU-MNG  ] [I] DU manager starting...
2025-04-03T19:48:28.514549 [CU-CP   ] [I] Added TNL connection to DU 0
2025-04-03T19:48:28.514660 [DU-MNG  ] [I] SIB1 cell=0: {
  "cellSelectionInfo": {
    "q-RxLevMin": -70,
    "q-QualMin": -20
  },
  "cellAccessRelatedInfo": {
    "plmn-IdentityInfoList": [
      {
        "plmn-IdentityList": [
          {
            "mcc": [
              0,
              0,
              1
            ],
            "mnc": [
              0,
              1
            ]
          }
        ],
        "trackingAreaCode": "000000000000000000000111",
        "cellIdentity": "000000000000011001101100000000000000",
        "cellReservedForOperatorUse": "notReserved"
      }
    ]
  },
  "connEstFailureControl": {
    "connEstFailCount": "n1",
    "connEstFailOffsetValidity": "s30",
    "connEstFailOffset": 1
  },
  "servingCellConfigCommon": {
    "downlinkConfigCommon": {
      "frequencyInfoDL": {
        "frequencyBandList": [
          {
            "freqBandIndicatorNR": 3
          }
        ],
        "offsetToPointA": 40,
        "scs-SpecificCarrierList": [
          {
            "offsetToCarrier": 0,
            "subcarrierSpacing": "kHz15",
            "carrierBandwidth": 106,
            "txDirectCurrentLocation": 636
          }
        ]
      },
      "initialDownlinkBWP": {
        "genericParameters": {
          "locationAndBandwidth": 28875,
          "subcarrierSpacing": "kHz15"
        },
        "pdcch-ConfigCommon": {
          {
            "commonSearchSpaceList": [
              {
                "searchSpaceId": 1,
                "controlResourceSetId": 0,
                "monitoringSlotPeriodicityAndOffset": {
                },
                "monitoringSymbolsWithinSlot": "10000000000000",
                "nrofCandidates": {
                  "aggregationLevel1": "n0",
                  "aggregationLevel2": "n0",
                  "aggregationLevel4": "n1",
                  "aggregationLevel8": "n0",
                  "aggregationLevel16": "n0"
                },
                "searchSpaceType": {
                  "common": {
                    "dci-Format0-0-AndFormat1-0": {
                    }
                  }
                }
              }
            ],
            "searchSpaceSIB1": 0,
            "pagingSearchSpace": 1,
            "ra-SearchSpace": 1
          }
        },
        "pdsch-ConfigCommon": {
          {
            "pdsch-TimeDomainAllocationList": [
              {
                "mappingType": "typeA",
                "startSymbolAndLength": 40
              }
            ]
          }
        }
      },
      "bcch-Config": {
        "modificationPeriodCoeff": "n4"
      },
      "pcch-Config": {
        "defaultPagingCycle": "rf128",
        "nAndPagingFrameOffset": {
        },
        "ns": "one"
      }
    },
    "uplinkConfigCommon": {
      "frequencyInfoUL": {
        "frequencyBandList": [
          {
            "freqBandIndicatorNR": 3
          }
        ],
        "absoluteFrequencyPointA": 347592,
        "scs-SpecificCarrierList": [
          {
            "offsetToCarrier": 0,
            "subcarrierSpacing": "kHz15",
            "carrierBandwidth": 106
          }
        ]
      },
      "initialUplinkBWP": {
        "genericParameters": {
          "locationAndBandwidth": 28875,
          "subcarrierSpacing": "kHz15"
        },
        "rach-ConfigCommon": {
          {
            "rach-ConfigGeneric": {
              "prach-ConfigurationIndex": 1,
              "msg1-FDM": "one",
              "msg1-FrequencyStart": 8,
              "zeroCorrelationZoneConfig": 0,
              "preambleReceivedTargetPower": -100,
              "preambleTransMax": "n7",
              "powerRampingStep": "dB4",
              "ra-ResponseWindow": "sl10"
            },
            "ssb-perRACH-OccasionAndCB-PreamblesPerSSB": {
              "one": "n64"
            },
            "ra-ContentionResolutionTimer": "sf64",
            "prach-RootSequenceIndex": {
              "l839": 1
            },
            "restrictedSetConfig": "unrestrictedSet"
          }
        },
        "pusch-ConfigCommon": {
          {
            "pusch-TimeDomainAllocationList": [
              {
                "k2": 4,
                "mappingType": "typeA",
                "startSymbolAndLength": 27
              }
            ],
            "msg3-DeltaPreamble": 6,
            "p0-NominalWithGrant": -76
          }
        },
        "pucch-ConfigCommon": {
          {
            "pucch-ResourceCommon": 11,
            "pucch-GroupHopping": "neither",
            "p0-nominal": -90
          }
        }
      },
      "timeAlignmentTimerCommon": "infinity"
    },
    "n-TimingAdvanceOffset": "n25600",
    "ssb-PositionsInBurst": {
      "inOneGroup": "10000000"
    },
    "ssb-PeriodicityServingCell": "ms10",
    "ss-PBCH-BlockPower": -16
  },
  "ue-TimersAndConstants": {
    "t300": "ms1000",
    "t301": "ms1000",
    "t310": "ms1000",
    "n310": "n1",
    "t311": "ms3000",
    "n311": "n1",
    "t319": "ms1000"
  }
}
2025-04-03T19:48:28.514707 [DU-F1   ] [I] F1 Setup: Sending F1 Setup Request to CU-CP...
2025-04-03T19:48:28.514708 [DU-F1   ] [I] Tx PDU du=0 tid=0: F1SetupRequest
2025-04-03T19:48:28.514728 [CU-CP-F1] [I] Rx PDU du=0 tid=0: F1SetupRequest
2025-04-03T19:48:28.514747 [CU-CP-F1] [I] Tx PDU du=0 tid=0: F1SetupResponse
2025-04-03T19:48:28.514752 [DU-F1   ] [I] Rx PDU du=0 tid=0: F1SetupResponse
2025-04-03T19:48:28.514753 [DU-F1   ] [I] F1 Setup: Procedure completed successfully.
2025-04-03T19:48:28.529401 [DU-MNG  ] [I] DU manager started successfully.
2025-04-03T19:48:28.529402 [DU      ] [I] DU-High started successfully
2025-04-03T19:48:28.529405 [DU      ] [I] DU started successfully
2025-04-03T19:48:28.529991 [SCHED   ] [I] [   172.3] Processed slot events pci=1: Cell creation idx=0 pci=1
2025-04-03T19:48:34.225296 [RF      ] [W] Real-time failure in RF: underflow
2025-04-03T19:48:40.398309 [FAPI    ] [W] [   325.2] Sector#0: Real-time failure in FAPI: Received late DL_TTI.request from slot 324.9
2025-04-03T19:48:40.398312 [FAPI    ] [W] [   325.2] Sector#0: Real-time failure in FAPI: Received late UL_TTI.request from slot 324.9
2025-04-03T19:48:40.398322 [SCHED   ] [I] [   325.0] Processed slot events pci=1: ErrorIndication slot=324.9, ErrorIndication slot=324.9
2025-04-03T19:48:40.406278 [PHY     ] [W] [   326.0] Resource grid with identifier 6 is not available.
2025-04-03T19:48:40.406280 [FAPI    ] [W] [   326.0] Could not enqueue SSB PDU in the downlink processor
2025-04-03T19:48:40.412285 [PHY     ] [W] [   325.0] Real-time failure in low-phy: Downlink data late for sector 0 and slot 325.0.
2025-04-03T19:48:47.024088 [RF      ] [W] Real-time failure in RF: underflow
2025-04-03T19:48:54.702021 [RF      ] [W] Real-time failure in RF: underflow
2025-04-03T19:48:54.712177 [PHY     ] [W] [   732.6] Resource grid with identifier 2 is not available.
2025-04-03T19:48:54.718119 [PHY     ] [W] [   731.6] Real-time failure in low-phy: Downlink data late for sector 0 and slot 731.6.
2025-04-03T19:48:58.731573 [APP     ] [D] Stdin has data to read
2025-04-03T19:48:58.731578 [APP     ] [D] read 3 B from stdin
2025-04-03T19:49:03.035301 [APP     ] [D] Stdin has data to read
2025-04-03T19:49:03.035305 [APP     ] [D] read 11 B from stdin
2025-04-03T19:49:07.503913 [RF      ] [W] Real-time failure in RF: underflow
2025-04-03T19:49:11.179064 [FAPI    ] [W] [   331.3] Sector#0: Real-time failure in FAPI: Received late DL_TTI.request from slot 331.0
2025-04-03T19:49:11.179067 [FAPI    ] [W] [   331.3] Sector#0: Real-time failure in FAPI: Received late UL_TTI.request from slot 331.0
2025-04-03T19:49:11.179075 [SCHED   ] [I] [   331.1] Processed slot events pci=1: ErrorIndication slot=331.0, ErrorIndication slot=331.0
2025-04-03T19:49:11.186980 [PHY     ] [W] [   332.1] Resource grid with identifier 6 is not available.
2025-04-03T19:49:11.192997 [PHY     ] [W] [   331.1] Real-time failure in low-phy: Downlink data late for sector 0 and slot 331.1.
2025-04-03T19:49:25.422796 [RF      ] [W] Real-time failure in RF: underflow
2025-04-03T19:49:30.762503 [APP     ] [D] Stdin has data to read
2025-04-03T19:49:30.762507 [APP     ] [D] read 11 B from stdin
2025-04-03T19:49:44.439774 [PHY     ] [W] [   585.4] Resource grid with