2025-04-03T20:15:40.678640 [UE     ] [I] Using binary srsue with arguments: /home/ubuntu/ue_rf.conf 
2025-04-03T20:15:40.705212 [UE     ] [I] Built in Release mode using commit ec29b0c1f on branch master.
2025-04-03T20:15:40.736785 [RF     ] [I] Configuring physical DL channel 0 with band-pass filter (0.0, 0.0)
2025-04-03T20:15:40.736787 [RF     ] [I] Configuring physical UL channel 0 with band-pass filter (0.0, 0.0)
2025-04-03T20:15:42.400463 [STCK   ] [I] Open mac pcap file /tmp/ue_mac.pcap
2025-04-03T20:15:42.400481 [STCK   ] [I] Open nas pcap file /tmp/ue_nas.pcap
2025-04-03T20:15:42.408907 [MAC    ] [I] [    0] Resetting MAC
2025-04-03T20:15:42.408918 [MAC    ] [I] [    0] Logical Channel Setup: LCID=0, LCG=0, priority=0, PBR=-1, BSD=50ms, bucket_size=0
2025-04-03T20:15:42.408921 [MAC    ] [I] [    0] Logical Channel Setup: LCID=1, LCG=0, priority=1, PBR=-1, BSD=50ms, bucket_size=0
2025-04-03T20:15:42.408931 [MAC    ] [I] [    0] Setting configuration
2025-04-03T20:15:42.408932 [MAC    ] [I] [    0] BSR:   Configured timer reTX 2560 ms
2025-04-03T20:15:42.408939 [RLC    ] [I] Added LTE radio bearer with LCID 0 in Transparent Mode
2025-04-03T20:15:42.408947 [USIM   ] [I] Read Home PLMN Id=00101
2025-04-03T20:15:42.412303 [RLC-NR ] [I] Added LTE radio bearer with LCID 0 in Transparent Mode
2025-04-03T20:15:42.412308 [MAC-NR ] [I] [    0] Logical Channel Setup: LCID=0, LCG=0, priority=0, PBR=0, BSD=0ms, bucket_size=0
2025-04-03T20:15:42.412313 [RRC    ] [I] using srand seed of 412313
2025-04-03T20:15:42.443320 [STCK   ] [I] Triggering NAS switch on
2025-04-03T20:15:42.443389 [NAS5G  ] [I] Switching on
2025-04-03T20:15:42.506185 [USIM   ] [I] Read Home PLMN Id=00101
2025-04-03T20:15:42.506186 [NAS5G  ] [I] Requesting IMSI attach (IMSI=001010123456780)
2025-04-03T20:15:42.506194 [NAS5G  ] [I] Sending Registration Request
2025-04-03T20:15:42.506197 [RRC-NR ] [I] Proc "Setup Request" - Initiation of Setup request procedure
2025-04-03T20:15:42.506198 [RRC-NR ] [I] Proc "Cell Selection" - Starting...
2025-04-03T20:15:42.506211 [PHY-SA ] [I] [    0] Cell Search: Going to IDLE
2025-04-03T20:15:42.506213 [PHY-SA ] [I] [    0] Tuning Rx channel 0 to 1842.50 MHz
2025-04-03T20:15:42.506218 [RF     ] [I] Mapping RF channel 0 (device=0, channel=0) to logical carrier 0 on f_rx=1842.5 MHz
2025-04-03T20:15:42.679327 [PHY-SA ] [I] [    0] Cell search: Setting SSB configuration srate=23.04 MHz; c-freq=1842.500 MHz; ss-freq=1842.050 MHz; scs=15kHz; pattern=A; duplex=fdd;
2025-04-03T20:15:42.679939 [PHY-SA ] [I] [    0] Cell Search: Running Cell search state
2025-04-03T20:15:42.691459 [RF     ] [I] Overflow
2025-04-03T20:15:42.701156 [RF     ] [I] Overflow
2025-04-03T20:15:42.711043 [RF     ] [I] Overflow
2025-04-03T20:15:42.720770 [RF     ] [I] Overflow
2025-04-03T20:15:42.730637 [RF     ] [I] Overflow
2025-04-03T20:15:42.740557 [RF     ] [I] Overflow
2025-04-03T20:15:42.750259 [RF     ] [I] Overflow
2025-04-03T20:15:42.760149 [RF     ] [I] Overflow
2025-04-03T20:15:42.769781 [RF     ] [I] Overflow
2025-04-03T20:15:42.779579 [RF     ] [I] Overflow
2025-04-03T20:15:42.789384 [RF     ] [I] Overflow
2025-04-03T20:15:42.798982 [RF     ] [I] Overflow
2025-04-03T20:15:42.808841 [RF     ] [I] Overflow
2025-04-03T20:15:42.818596 [RF     ] [I] Overflow
2025-04-03T20:15:42.828256 [RF     ] [I] Overflow
2025-04-03T20:15:42.837990 [RF     ] [I] Overflow
2025-04-03T20:15:42.847678 [RF     ] [I] Overflow
2025-04-03T20:15:42.857446 [RF     ] [I] Overflow
2025-04-03T20:15:42.867049 [RF     ] [I] Overflow
2025-04-03T20:15:42.876809 [RF     ] [I] Overflow
2025-04-03T20:15:42.886547 [RF     ] [I] Overflow
2025-04-03T20:15:42.896379 [RF     ] [I] Overflow
2025-04-03T20:15:42.906296 [RF     ] [I] Overflow
2025-04-03T20:15:42.916049 [RF     ] [I] Overflow
2025-04-03T20:15:42.925689 [RF     ] [I] Overflow
2025-04-03T20:15:42.935584 [RF     ] [I] Overflow
2025-04-03T20:15:42.945385 [RF     ] [I] Overflow
2025-04-03T20:15:42.955271 [RF     ] [I] Overflow
2025-04-03T20:15:42.965086 [RF     ] [I] Overflow
2025-04-03T20:15:42.974861 [RF     ] [I] Overflow
2025-04-03T20:15:42.984865 [RF     ] [I] Overflow
2025-04-03T20:15:42.994707 [RF     ] [I] Overflow
2025-04-03T20:15:43.004473 [RF     ] [I] Overflow
2025-04-03T20:15:43.008030 [RRC-NR ] [I] Proc "Cell Selection" - Completed with failure.
2025-04-03T20:15:43.008043 [RRC-NR ] [W] Could not finish setup request. Deallocating dedicatedInfoNAS PDU
2025-04-03T20:15:43.008410 [RF     ] [I] Overflow
2025-04-03T20:15:43.498011 [MAC    ] [I] [    0] BSR:   triggered_bsr_type=none, LCID QUEUE status: 0: 0 1: 0 
2025-04-03T20:15:43.754053 [STCK   ] [I] tti_tprof: {mean, max, min} = {0.00, 0, 0} msec
2025-04-03T20:15:44.496917 [MAC    ] [I] [    0] BSR:   triggered_bsr_type=none, LCID QUEUE status: 0: 0 1: 0 
2025-04-03T20:15:44.777897 [STCK   ] [I] tti_tprof: {mean, max, min} = {0.00, 0, 0} msec
2025-04-03T20:15:45.495910 [MAC    ] [I] [    0] BSR:   triggered_bsr_type=none, LCID QUEUE status: 0: 0 1: 0 
2025-04-03T20:15:45.801952 [STCK   ] [I] tti_tprof: {mean, max, min} = {0.00, 0, 0} msec
2025-04-03T20:15:46.494925 [MAC    ] [I] [    0] BSR:   triggered_bsr_type=none, LCID QUEUE status: 0: 0 1: 0 
2025-04-03T20:15:46.825835 [STCK   ] [I] tti_tprof: {mean, max, min} = {0.00, 0, 0} msec
2025-04-03T20:15:47.493856 [MAC    ] [I] [    0] BSR:   triggered_bsr_type=none, LCID QUEUE status: 0: 0 1: 0 
2025-04-03T20:15:47.849922 [STCK   ] [I] tti_tprof: {mean, max, min} = {0.00, 0, 0} msec
2025-04-03T20:15:48.492931 [MAC    ] [I] [    0] BSR:   triggered_bsr_type=none, LCID QUEUE status: 0: 0 1: 0 
2025-04-03T20:15:48.873855 [STCK   ] [I] tti_tprof: {mean, max, min} = {0.00, 0, 0} msec
2025-04-03T20:15:49.491908 [MAC    ] [I] [    0] BSR:   triggered_bsr_type=none, LCID QUEUE status: 0: 0 1: 0 
2025-04-03T20:15:49.897883 [STCK   ] [I] tti_tprof: {mean, max, min} = {0.00, 0, 0} msec
2025-04-03T20:15:50.490829 [MAC    ] [I] [    0] BSR:   triggered_bsr_type=none, LCID QUEUE status: 0: 0 1: 0 
2025-04-03T20:15:50.921851 [STCK   ] [I] tti_tprof: {mean, max, min} = {0.00, 0, 0} msec
2025-04-03T20:15:51.489793 [MAC    ] [I] [    0] BSR:   triggered_bsr_type=none, LCID QUEUE status: 0: 0 1: 0 
2025-04-03T20:15:51.945810 [STCK   ] [I] tti_tprof: {mean, max, min} = {0.00, 0, 0} msec
2025-04-03T20:15:52.488805 [MAC    ] [I] [    0] BSR:   triggered_bsr_type=none, LCID QUEUE status: 0: 0 1: 0 
2025-04-03T20:15:52.969673 [STCK   ] [I] tti_tprof: {mean, max, min} = {0.00, 0, 0} msec
2025-04-03T20:15:53.487801 [MAC    ] [I] [    0] BSR:   triggered_bsr_type=none, LCID QUEUE status: 0: 0 1: 0 
2025-04-03T20:15:53.993828 [STCK   ] [I] tti_tprof: {mean, max, min} = {0.00, 0, 0} msec
2025-04-03T20:15:54.486776 [MAC    ] [I] [    0] BSR:   triggered_bsr_type=none, LCID QUEUE status: 0: 0 1: 0 
2025-04-03T20:15:55.017748 [STCK   ] [I] tti_tprof: {mean, max, min} = {0.00, 0, 0} msec
2025-04-03T20:15:55.485634 [MAC    ] [I] [    0] BSR:   triggered_bsr_type=none, LCID QUEUE status: 0: 0 1: 0 
2025-04-03T20:15:56.041678 [STCK   ] [I] tti_tprof: {mean, max, min} = {0.00, 0, 0} msec
2025-04-03T20:15:56.484674 [MAC    ] [I] [    0] BSR:   triggered_bsr_type=none, LCID QUEUE status: 0: 0 1: 0 
2025-04-03T20:15:57.065678 [STCK   ] [I] tti_tprof: {mean, max, min} = {0.00, 0, 0} msec
2025-04-03T20:15:57.483701 [MAC    ] [I] [    0] BSR:   triggered_bsr_type=none, LCID QUEUE status: 0: 0 1: 0 
2025-04-03T20:15:58.089638 [STCK   ] [I] tti_tprof: {mean, max, min} = {0.00, 0, 0} msec
2025-04-03T20:15:58.482674 [MAC    ] [I] [    0] BSR:   triggered_bsr_type=none, LCID QUEUE status: 0: 0 1: 0 
2025-04-03T20:15:59.113663 [STCK   ] [I] tti_tprof: {mean, max, min} = {0.00, 0, 0} msec
2025-04-03T20:15:59.481635 [MAC    ] [I] [    0] BSR:   triggered_bsr_type=none, LCID QUEUE status: 0: 0 1: 0 
2025-04-03T20:16:00.137602 [STCK   ] [I] tti_tprof: {mean, max, min} = {0.00, 0, 0} msec
2025-04-03T20:16:00.480615 [MAC    ] [I] [    0] BSR:   triggered_bsr_type=none, LCID QUEUE status: 0: 0 1: 0 
2025-04-03T20:16:01.161635 [STCK   ] [I] tti_tprof: {mean, max, min} = {0.00, 0, 0} msec
2025-04-03T20:16:01.479538 [MAC    ] [I] [    0] BSR:   triggered_bsr_type=none, LCID QUEUE status: 0: 0 1: 0 
2025-04-03T20:16:02.185563 [STCK   ] [I] tti_tprof: {mean, max, min} = {0.00, 0, 0} msec
2025-04-03T20:16:02.478521 [MAC    ] [I] [    0] BSR:   triggered_bsr_type=none, LCID QUEUE status: 0: 0 1: 0 
2025-04-03T20:16:03.209530 [STCK   ] [I] tti_tprof: {mean, max, min} = {0.00, 0, 0} msec
2025-04-03T20:16:03.477550 [MAC    ] [I] [    0] BSR:   triggered_bsr_type=none, LCID QUEUE status: 0: 0 1: 0 
2025-04-03T20:16:04.233517 [STCK   ] [I] tti_tprof: {mean, max, min} = {0.00, 0, 0} msec
2025-04-03T20:16:04.476543 [MAC    ] [I] [    0] BSR:   triggered_bsr_type=none, LCID QUEUE status: 0: 0 1: 0 
2025-04-03T20:16:05.257545 [STCK   ] [I] tti_tprof: {mean, max, min} = {0.00, 0, 0} msec
2025-04-03T20:16:05.475504 [MAC    ] [I] [    0] BSR:   triggered_bsr_type=none, LCID QUEUE status: 0: 0 1: 0 
2025-04-03T20:16:06.281454 [STCK   ] [I] tti_tprof: {mean, max, min} = {0.00, 0, 0} msec
2025-04-03T20:16:06.474534 [MAC    ] [I] [    0] BSR:   triggered_bsr_type=none, LCID QUEUE status: 0: 0 1: 0 
2025-04-03T20:16:07.305458 [STCK   ] [I] tti_tprof: {mean, max, min} = {0.00, 0, 0} msec
2025-04-03T20:16:07.473449 [MAC    ] [I] [    0] BSR:   triggered_bsr_type=none, LCID QUEUE status: 0: 0 1: 0 
2025-04-03T20:16:08.329403 [STCK   ] [I] tti_tprof: {mean, max, min} = {0.00, 0, 0} msec
2025-04-03T20:16:08.472420 [MAC    ] [I] [    0] BSR:   triggered_bsr_type=none, LCID QUEUE status: 0: 0 1: 0 
2025-04-03T20:16:09.353349 [STCK   ] [I] tti_tprof: {mean, max, min} = {0.00, 0, 0} msec
2025-04-03T20:16:09.471423 [MAC    ] [I] [    0] BSR:   triggered_bsr_type=none, LCID QUEUE status: 0: 0 1: 0 
2025-04-03T20:16:10.377345 [STCK   ] [I] tti_tprof: {mean, max, min} = {0.00, 0, 0} msec
2025-04-03T20:16:10.470434 [MAC    ] [I] [    0] BSR:   triggered_bsr_type=none, LCID QUEUE status: 0: 0 1: 0 
2025-04-03T20:16:11.401365 [STCK   ] [I] tti_tprof: {mean, max, min} = {0.00, 0, 0} msec
2025-04-03T20:16:11.469421 [MAC    ] [I] [    0] BSR:   triggered_bsr_type=none, LCID QUEUE status: 0: 0 1: 0 
2025-04-03T20:16:12.425305 [STCK   ] [I] tti_tprof: {mean, max, min} = {0.00, 0, 0} msec
2025-04-03T20:16:12.468322 [MAC    ] [I] [    0] BSR:   triggered_bsr_type=none, LCID QUEUE status: 0: 0 1: 0 
2025-04-03T20:16:13.449307 [STCK   ] [I] tti_tprof: {mean, max, min} = {0.00, 0, 0} msec
2025-04-03T20:16:13.467274 [MAC    ] [I] [    0] BSR:   triggered_bsr_type=none, LCID QUEUE status: 0: 0 1: 0 
2025-04-03T20:16:14.466241 [MAC    ] [I] [    0] BSR:   triggered_bsr_type=none, LCID QUEUE status: 0: 0 1: 0 
2025-04-03T20:16:14.473234 [STCK   ] [I] tti_tprof: {mean, max, min} = {0.00, 0, 0} msec
2025-04-03T20:16:15.465290 [MAC    ] [I] [    0] BSR:   triggered_bsr_type=none, LCID QUEUE status: 0: 0 1: 0 
2025-04-03T20:16:15.497186 [STCK   ] [I] tti_tprof: {mean, max, min} = {0.00, 0, 0} msec
2025-04-03T20:16:16.464241 [MAC    ] [I] [    0] BSR:   triggered_bsr_type=none, LCID QUEUE status: 0: 0 1: 0 
2025-04-03T20:16:16.521326 [STCK   ] [I] tti_tprof: {mean, max, min} = {0.00, 0, 0} msec
2025-04-03T20:16:17.463202 [MAC    ] [I] [    0] BSR:   triggered_bsr_type=none, LCID QUEUE status: 0: 0 1: 0 
2025-04-03T20:16:17.545259 [STCK   ] [I] tti_tprof: {mean, max, min} = {0.00, 0, 0} msec
2025-04-03T20:16:18.462126 [MAC    ] [I] [    0] BSR:   triggered_bsr_type=none, LCID QUEUE status: 0: 0 1: 0 
2025-04-03T20:16:18.569171 [STCK   ] [I] tti_tprof: {mean, max, min} = {0.00, 0, 0} msec
2025-04-03T20:16:19.461188 [MAC    ] [I] [    0] BSR:   triggered_bsr_type=none, LCID QUEUE status: 0: 0 1: 0 
2025-04-03T20:16:19.593204 [STCK   ] [I] tti_tprof: {mean, max, min} = {0.00, 0, 0} msec
2025-04-03T20:16:20.460142 [MAC    ] [I] [    0] BSR:   triggered_bsr_type=none, LCID QUEUE status: 0: 0 1: 0 
2025-04-03T20:16:20.617156 [STCK   ] [I] tti_tprof: {mean, max, min} = {0.00, 0, 0} msec
2025-04-03T20:16:21.459129 [MAC    ] [I] [    0] BSR:   triggered_bsr_type=none, LCID QUEUE status: 0: 0 1: 0 
2025-04-03T20:16:21.641040 [STCK   ] [I] tti_tprof: {mean, max, min} = {0.00, 0, 0} msec
2025-04-03T20:16:22.458107 [MAC    ] [I] [    0] BSR:   triggered_bsr_type=none, LCID QUEUE status: 0: 0 1: 0 
2025-04-03T20:16:22.665125 [STCK   ] [I] tti_tprof: {mean, max, min} = {0.00, 0, 0} msec
2025-04-03T20:16:23.457167 [MAC    ] [I] [    0] BSR:   triggered_bsr_type=none, LCID QUEUE status: 0: 0 1: 0 
2025-04-03T20:16:23.689052 [STCK   ] [I] tti_tprof: {mean, max, min} = {0.00, 0, 0} msec
2025-04-03T20:16:24.456007 [MAC    ] [I] [    0] BSR:   triggered_bsr_type=none, LCID QUEUE status: 0: 0 1: 0 
2025-04-03T20:16:24.713027 [STCK   ] [I] tti_tprof: {mean, max, min} = {0.00, 0, 0} msec
2025-04-03T20:16:25.455041 [MAC    ] [I] [    0] BSR:   triggered_bsr_type=none, LCID QUEUE status: 0: 0 1: 0 
2025-04-03T20:16:25.736964 [STCK   ] [I] tti_tprof: {mean, max, min} = {0.00, 0, 0} msec
2025-04-03T20:16:26.454002 [MAC    ] [I] [    0] BSR:   triggered_bsr_type=none, LCID QUEUE status: 0: 0 1: 0 
2025-04-03T20:16:26.760971 [STCK   ] [I] tti_tprof: {mean, max, min} = {0.00, 0, 0} msec
2025-04-03T20:16:27.453011 [MAC    ] [I] [    0] BSR:   triggered_bsr_type=none, LCID QUEUE status: 0: 0 1: 0 
2025-04-03T20:16:27.784976 [STCK   ] [I] tti_tprof: {mean, max, min} = {0.00, 0, 0} msec
2025-04-03T20:16:28.451962 [MAC    ] [I] [    0] BSR:   triggered_bsr_type=none, LCID QUEUE status: 0: 0 1: 0 
2025-04-03T20:16:28.809013 [STCK   ] [I] tti_tprof: {mean, max, min} = {0.00, 0, 0} msec
2025-04-03T20:16:29.450925 [MAC    ] [I] [    0] BSR:   triggered_bsr_type=none, LCID QUEUE status: 0: 0 1: 0 
2025-04-03T20:16:29.832991 [STCK   ] [I] tti_tprof: {mean, max, min} = {0.00, 0, 0} msec
2025-04-03T20:16:30.449884 [MAC    ] [I] [    0] BSR:   triggered_bsr_type=none, LCID QUEUE status: 0: 0 1: 0 
2025-04-03T20:16:30.856890 [STCK   ] [I] tti_tprof: {mean, max, min} = {0.00, 0, 0} msec
2025-04-03T20:16:31.448844 [MAC    ] [I] [    0] BSR:   triggered_bsr_type=none, LCID QUEUE status: 0: 0 1: 0 
2025-04-03T20:16:31.880820 [STCK   ] [I] tti_tprof: {mean, max, min} = {0.00, 0, 0} msec
2025-04-03T20:16:32.447895 [MAC    ] [I] [    0] BSR:   triggered_bsr_type=none, LCID QUEUE status: 0: 0 1: 0 
2025-04-03T20:16:32.904815 [STCK   ] [I] tti_tprof: {mean, max, min} = {0.00, 0, 0} msec
2025-04-03T20:16:33.446883 [MAC    ] [I] [    0] BSR:   triggered_bsr_type=none, LCID QUEUE status: 0: 0 1: 0 
2025-04-03T20:16:33.928887 [STCK   ] [I] tti_tprof: {mean, max, min} = {0.00, 0, 0} msec
2025-04-03T20:16:34.445908 [MAC    ] [I] [    0] BSR:   triggered_bsr_type=none, LCID QUEUE status: 0: 0 1: 0 
2025-04-03T20:16:34.952838 [STCK   ] [I] tti_tprof: {mean, max, min} = {0.00, 0, 0} msec
2025-04-03T20:16:35.444739 [MAC    ] [I] [    0] BSR:   triggered_bsr_type=none, LCID QUEUE status: 0: 0 1: 0 
2025-04-03T20:16:35.976843 [STCK   ] [I] tti_tprof: {mean, max, min} = {0.00, 0, 0} msec
2025-04-03T20:16:36.443774 [MAC    ] [I] [    0] BSR:   triggered_bsr_type=none, LCID QUEUE status: 0: 0 1: 0 
2025-04-03T20:16:37.000746 [STCK   ] [I] tti_tprof: {mean, max, min} = {0.00, 0, 0} msec
2025-04-03T20:16:37.442781 [MAC    ] [I] [    0] BSR:   triggered_bsr_type=none, LCID QUEUE status: 0: 0 1: 0 
2025-04-03T20:16:38.024749 [STCK   ] [I] tti_tprof: {mean, max, min} = {0.00, 0, 0} msec
2025-04-03T20:16:38.441746 [MAC    ] [I] [    0] BSR:   triggered_bsr_type=none, LCID QUEUE status: 0: 0 1: 0 
2025-04-03T20:16:39.048717 [STCK   ] [I] tti_tprof: {mean, max, min} = {0.00, 0, 0} msec
2025-04-03T20:16:39.440692 [MAC    ] [I] [    0] BSR:   triggered_bsr_type=none, LCID QUEUE status: 0: 0 1: 0 
2025-04-03T20:16:40.072695 [STCK   ] [I] tti_tprof: {mean, max, min} = {0.00, 0, 0} msec
2025-04-03T20:16:40.439735 [MAC    ] [I] [    0] BSR:   triggered_bsr_type=none, LCID QUEUE status: 0: 0 1: 0 
2025-04-03T20:16:41.096738 [STCK   ] [I] tti_tprof: {mean, max, min} = {0.00, 0, 0} msec
2025-04-03T20:16:41.438593 [MAC    ] [I] [    0] BSR:   triggered_bsr_type=none, LCID QUEUE status: 0: 0 1: 0 
2025-04-03T20:16:42.120647 [STCK   ] [I] tti_tprof: {mean, max, min} = {0.00, 0, 0} msec
2025-04-03T20:16:42.437664 [MAC    ] [I] [    0] BSR:   triggered_bsr_type=none, LCID QUEUE status: 0: 0 1: 0 
2025-04-03T20:16:43.144623 [STCK   ] [I] tti_tprof: {mean, max, min} = {0.00, 0, 0} msec
2025-04-03T20:16:43.436620 [MAC    ] [I] [    0] BSR:   triggered_bsr_type=none, LCID QUEUE status: 0: 0 1: 0 
2025-04-03T20:16:44.168621 [STCK   ] [I] tti_tprof: {mean, max, min} = {0.00, 0, 0} msec
2025-04-03T20:16:44.435613 [MAC    ] [I] [    0] BSR:   triggered_bsr_type=none, LCID QUEUE status: 0: 0 1: 0 
2025-04-03T20:16:45.192491 [STCK   ] [I] tti_tprof: {mean, max, min} = {0.00, 0, 0} msec
2025-04-03T20:16:45.434615 [MAC    ] [I] [    0] BSR:   triggered_bsr_type=none, LCID QUEUE status: 0: 0 1: 0 
2025-04-03T20:16:46.216557 [STCK   ] [I] tti_tprof: {mean, max, min} = {0.00, 0, 0} msec
2025-04-03T20:16:46.433453 [MAC    ] [I] [    0] BSR:   triggered_bsr_type=none, LCID QUEUE status: 0: 0 1: 0 
2025-04-03T20:16:47.240556 [STCK   ] [I] tti_tprof: {mean, max, min} = {0.00, 0, 0} msec
2025-04-03T20:16:47.432478 [MAC    ] [I] [    0] BSR:   triggered_bsr_type=none, LCID QUEUE status: 0: 0 1: 0 
2025-04-03T20:16:48.264470 [STCK   ] [I] tti_tprof: {mean, max, min} = {0.00, 0, 0} msec
2025-04-03T20:16:48.431515 [MAC    ] [I] [    0] BSR:   triggered_bsr_type=none, LCID QUEUE status: 0: 0 1: 0 
2025-04-03T20:16:49.288429 [STCK   ] [I] tti_tprof: {mean, max, min} = {0.00, 0, 0} msec
2025-04-03T20:16:49.430458 [MAC    ] [I] [    0] BSR:   triggered_bsr_type=none, LCID QUEUE status: 0: 0 1: 0 
2025-04-03T20:16:50.312452 [STCK   ] [I] tti_tprof: {mean, max, min} = {0.00, 0, 0} msec
2025-04-03T20:16:50.429449 [MAC    ] [I] [    0] BSR:   triggered_bsr_type=none, LCID QUEUE status: 0: 0 1: 0 
2025-04-03T20:16:51.336466 [STCK   ] [I] tti_tprof: {mean, max, min} = {0.00, 0, 0} msec
2025-04-03T20:16:51.428426 [MAC    ] [I] [    0] BSR:   triggered_bsr_type=none, LCID QUEUE status: 0: 0 1: 0 
2025-04-03T20:16:52.360384 [STCK   ] [I] tti_tprof: {mean, max, min} = {0.00, 0, 0} msec
2025-04-03T20:16:52.427350 [MAC    ] [I] [    0] BSR:   triggered_bsr_type=none, LCID QUEUE status: 0: 0 1: 0 
2025-04-03T20:16:53.384382 [STCK   ] [I] tti_tprof: {mean, max, min} = {0.00, 0, 0} msec
2025-04-03T20:16:53.426375 [MAC    ] [I] [    0] BSR:   triggered_bsr_type=none, LCID QUEUE status: 0: 0 1: 0 
2025-04-03T20:16:54.408366 [STCK   ] [I] tti_tprof: {mean, max, min} = {0.00, 0, 0} msec
2025-04-03T20:16:54.425336 [MAC    ] [I] [    0] BSR:   triggered_bsr_type=none, LCID QUEUE status: 0: 0 1: 0 
2025-04-03T20:16:55.424305 [MAC    ] [I] [    0] BSR:   triggered_bsr_type=none, LCID QUEUE status: 0: 0 1: 0 
2025-04-03T20:16:55.432323 [STCK   ] [I] tti_tprof: {mean, max, min} = {0.00, 0, 0} msec
2025-04-03T20:16:56.423333 [MAC    ] [I] [    0] BSR:   triggered_bsr_type=none, LCID QUEUE status: 0: 0 1: 0 
2025-04-03T20:16:56.456251 [STCK   ] [I] tti_tprof: {mean, max, min} = {0.00, 0, 0} msec
2025-04-03T20:16:57.422365 [MAC    ] [I] [    0] BSR:   triggered_bsr_type=none, LCID QUEUE status: 0: 0 1: 0 
2025-04-03T20:16:57.480265 [STCK   ] [I] tti_tprof: {mean, max, min} = {0.00, 0, 0} msec
2025-04-03T20:16:58.421275 [MAC    ] [I] [    0] BSR:   triggered_bsr_type=none, LCID QUEUE status: 0: 0 1: 0 
2025-04-03T20:16:58.504301 [STCK   ] [I] tti_tprof: {mean, max, min} = {0.00, 0, 0} msec
2025-04-03T20:16:59.420225 [MAC    ] [I] [    0] BSR:   triggered_bsr_type=none, LCID QUEUE status: 0: 0 1: 0 
2025-04-03T20:16:59.528213 [STCK   ] [I] tti_tprof: {mean, max, min} = {0.00, 0, 0} msec
2025-04-03T20:17:00.419224 [MAC    ] [I] [    0] BSR:   triggered_bsr_type=none, LCID QUEUE status: 0: 0 1: 0 
2025-04-03T20:17:00.552172 [STCK   ] [I] tti_tprof: {mean, max, min} = {0.00, 0, 0} msec
2025-04-03T20:17:01.418234 [MAC    ] [I] [    0] BSR:   triggered_bsr_type=none, LCID QUEUE status: 0: 0 1: 0 
2025-04-03T20:17:01.576164 [STCK   ] [I] tti_tprof: {mean, max, min} = {0.00, 0, 0} msec
2025-04-03T20:17:02.417176 [MAC    ] [I] [    0] BSR:   triggered_bsr_type=none, LCID QUEUE status: 0: 0 1: 0 
2025-04-03T20:17:02.600133 [STCK   ] [I] tti_tprof: {mean, max, min} = {0.00, 0, 0} msec
2025-04-03T20:17:03.416063 [MAC    ] [I] [    0] BSR:   triggered_bsr_type=none, LCID QUEUE status: 0: 0 1: 0 
2025-04-03T20:17:03.624156 [STCK   ] [I] tti_tprof: {mean, max, min} = {0.00, 0, 0} msec
2025-04-03T20:17:04.415089 [MAC    ] [I] [    0] BSR:   triggered_bsr_type=none, LCID QUEUE status: 0: 0 1: 0 
2025-04-03T20:17:04.648136 [STCK   ] [I] tti_tprof: {mean, max, min} = {0.00, 0, 0} msec
2025-04-03T20:17:05.414076 [MAC    ] [I] [    0] BSR:   triggered_bsr_type=none, LCID QUEUE status: 0: 0 1: 0 
2025-04-03T20:17:05.672078 [STCK   ] [I] tti_tprof: {mean, max, min} = {0.00, 0, 0} msec
2025-04-03T20:17:06.413034 [MAC    ] [I] [    0] BSR:   triggered_bsr_type=none, LCID QUEUE status: 0: 0 1: 0 
2025-04-03T20:17:06.695998 [STCK   ] [I] tti_tprof: {mean, max, min} = {0.00, 0, 0} msec
2025-04-03T20:17:07.412033 [MAC    ] [I] [    0] BSR:   triggered_bsr_type=none, LCID QUEUE status: 0: 0 1: 0 
2025-04-03T20:17:07.720041 [STCK   ] [I] tti_tprof: {mean, max, min} = {0.00, 0, 0} msec
2025-04-03T20:17:08.411092 [MAC    ] [I] [    0] BSR:   triggered_bsr_type=none, LCID QUEUE status: 0: 0 1: 0 
2025-04-03T20:17:08.744081 [STCK   ] [I] tti_tprof: {mean, max, min} = {0.00, 0, 0} msec
2025-04-03T20:17:09.409963 [MAC    ] [I] [    0] BSR:   triggered_bsr_type=none, LCID QUEUE status: 0: 0 1: 0 
2025-04-03T20:17:09.767995 [STCK   ] [I] tti_tprof: {mean, max, min} = {0.00, 0, 0} msec
2025-04-03T20:17:10.408974 [MAC    ] [I] [    0] BSR:   triggered_bsr_type=none, LCID QUEUE status: 0: 0 1: 0 
2025-04-03T20:17:10.792018 [STCK   ] [I] tti_tprof: {mean, max, min} = {0.00, 0, 0} msec
2025-04-03T20:17:11.407947 [MAC    ] [I] [    0] BSR:   triggered_bsr_type=none, LCID QUEUE status: 0: 0 1: 0 
2025-04-03T20:17:11.815951 [STCK   ] [I] tti_tprof: {mean, max, min} = {0.00, 0, 0} msec
2025-04-03T20:17:12.406955 [MAC    ] [I] [    0] BSR:   triggered_bsr_type=none, LCID QUEUE status: 0: 0 1: 0 
2025-04-03T20:17:12.839872 [STCK   ] [I] tti_tprof: {mean, max, min} = {0.00, 0, 0} msec
2025-04-03T20:17:13.405896 [MAC    ] [I] [    0] BSR:   triggered_bsr_type=none, LCID QUEUE status: 0: 0 1: 0 
2025-04-03T20:17:13.863862 [STCK   ] [I] tti_tprof: {mean, max, min} = {0.00, 0, 0} msec
2025-04-03T20:17:14.404868 [MAC    ] [I] [    0] BSR:   triggered_bsr_type=none, LCID QUEUE status: 0: 0 1: 0 
2025-04-03T20:17:14.887937 [STCK   ] [I] tti_tprof: {mean, max, min} = {0.00, 0, 0} msec
2025-04-03T20:17:15.403795 [MAC    ] [I] [    0] BSR:   triggered_bsr_type=none, LCID QUEUE status: 0: 0 1: 0 
2025-04-03T20:17:15.911858 [STCK   ] [I] tti_tprof: {mean, max, min} = {0.00, 0, 0} msec
2025-04-03T20:17:16.402818 [MAC    ] [I] [    0] BSR:   triggered_bsr_type=none, LCID QUEUE status: 0: 0 1: 0 
2025-04-03T20:17:16.935782 [STCK   ] [I] tti_tprof: {mean, max, min} = {0.00, 0, 0} msec
2025-04-03T20:17:17.401771 [MAC    ] [I] [    0] BSR:   triggered_bsr_type=none, LCID QUEUE status: 0: 0 1: 0 
2025-04-03T20:17:17.959735 [STCK   ] [I] tti_tprof: {mean, max, min} = {0.00, 0, 0} msec
2025-04-03T20:17:18.400786 [MAC    ] [I] [    0] BSR:   triggered_bsr_type=none, LCID QUEUE status: 0: 0 1: 0 
2025-04-03T20:17:18.983683 [STCK   ] [I] tti_tprof: {mean, max, min} = {0.00, 0, 0} msec
2025-04-03T20:17:19.399826 [MAC    ] [I] [    0] BSR:   triggered_bsr_type=none, LCID QUEUE status: 0: 0 1: 0 
2025-04-03T20:17:20.007736 [STCK   ] [I] tti_tprof: {mean, max, min} = {0.00, 0, 0} msec
2025-04-03T20:17:20.398649 [MAC    ] [I] [    0] BSR:   triggered_bsr_type=none, LCID QUEUE status: 0: 0 1: 0 
2025-04-03T20:17:21.031748 [STCK   ] [I] tti_tprof: {mean, max, min} = {0.00, 0, 0} msec
2025-04-03T20:17:21.397667 [MAC    ] [I] [    0] BSR:   triggered_bsr_type=none, LCID QUEUE status: 0: 0 1: 0 
2025-04-03T20:17:22.055705 [STCK   ] [I] tti_tprof: {mean, max, min} = {0.00, 0, 0} msec
2025-04-03T20:17:22.396668 [MAC    ] [I] [    0] BSR:   triggered_bsr_type=none, LCID QUEUE status: 0: 0 1: 0 
2025-04-03T20:17:23.079622 [STCK   ] [I] tti_tprof: {mean, max, min} = {0.00, 0, 0} msec
2025-04-03T20:17:23.395607 [MAC    ] [I] [    0] BSR:   triggered_bsr_type=none, LCID QUEUE status: 0: 0 1: 0 
2025-04-03T20:17:24.103659 [STCK   ] [I] tti_tprof: {mean, max, min} = {0.00, 0, 0} msec
2025-04-03T20:17:24.394671 [MAC    ] [I] [    0] BSR:   triggered_bsr_type=none, LCID QUEUE status: 0: 0 1: 0 
2025-04-03T20:17:25.127618 [STCK   ] [I] tti_tprof: {mean, max, min} = {0.00, 0, 0} msec
2025-04-03T20:17:25.393608 [MAC    ] [I] [    0] BSR:   triggered_bsr_type=none, LCID QUEUE status: 0: 0 1: 0 
2025-04-03T20:17:26.151588 [STCK   ] [I] tti_tprof: {mean, max, min} = {0.00, 0, 0} msec
2025-04-03T20:17:26.392573 [MAC    ] [I] [    0] BSR:   triggered_bsr_type=none, LCID QUEUE status: 0: 0 1: 0 
2025-04-03T20:17:27.175630 [STCK   ] [I] tti_tprof: {mean, max, min} = {0.00, 0, 0} msec
2025-04-03T20:17:27.391485 [MAC    ] [I] [    0] BSR:   triggered_bsr_type=none, LCID QUEUE status: 0: 0 1: 0 
2025-04-03T20:17:28.199573 [STCK   ] [I] tti_tprof: {mean, max, min} = {0.00, 0, 0} msec
2025-04-03T20:17:28.390543 [MAC    ] [I] [    0] BSR:   triggered_bsr_type=none, LCID QUEUE status: 0: 0 1: 0 
2025-04-03T20:17:29.223548 [STCK   ] [I] tti_tprof: {mean, max, min} = {0.00, 0, 0} msec
2025-04-03T20:17:29.389539 [MAC    ] [I] [    0] BSR:   triggered_bsr_type=none, LCID QUEUE status: 0: 0 1: 0 
2025-04-03T20:17:30.247457 [STCK   ] [I] tti_tprof: {mean, max, min} = {0.00, 0, 0} msec
2025-04-03T20:17:30.388474 [MAC    ] [I] [    0] BSR:   triggered_bsr_type=none, LCID QUEUE status: 0: 0 1: 0 
2025-04-03T20:17:31.271408 [STCK   ] [I] tti_tprof: {mean, max, min} = {0.00, 0, 0} msec
2025-04-03T20:17:31.387540 [MAC    ] [I] [    0] BSR:   triggered_bsr_type=none, LCID QUEUE status: 0: 0 1: 0 
2025-04-03T20:17:32.295456 [STCK   ] [I] tti_tprof: {mean, max, min} = {0.00, 0, 0} msec
2025-04-03T20:17:32.386379 [MAC    ] [I] [    0] BSR:   triggered_bsr_type=none, LCID QUEUE status: 0: 0 1: 0 
2025-04-03T20:17:33.319470 [STCK   ] [I] tti_tprof: {mean, max, min} = {0.00, 0, 0} msec
2025-04-03T20:17:33.385388 [MAC    ] [I] [    0] BSR:   triggered_bsr_type=none, LCID QUEUE status: 0: 0 1: 0 
2025-04-03T20:17:34.343363 [STCK   ] [I] tti_tprof: {mean, max, min} = {0.00, 0, 0} msec
2025-04-03T20:17:34.384379 [MAC    ] [I] [    0] BSR:   triggered_bsr_type=none, LCID QUEUE status: 0: 0 1: 0 
2025-04-03T20:17:35.367383 [STCK   ] [I] tti_tprof: {mean, max, min} = {0.00, 0, 0} msec
2025-04-03T20:17:35.383376 [MAC    ] [I] [    0] BSR:   triggered_bsr_type=none, LCID QUEUE status: 0: 0 1: 0 
2025-04-03T20:17:36.382408 [MAC    ] [I] [    0] BSR:   triggered_bsr_type=none, LCID QUEUE status: 0: 0 1: 0 
2025-04-03T20:17:36.391329 [STCK   ] [I] tti_tprof: {mean, max, min} = {0.00, 0, 0} msec
2025-04-03T20:17:37.381306 [MAC    ] [I] [    0] BSR:   triggered_bsr_type=none, LCID QUEUE status: 0: 0 1: 0 
2025-04-03T20:17:37.415234 [STCK   ] [I] tti_tprof: {mean, max, min} = {0.00, 0, 0} msec
2025-04-03T20:17:38.380241 [MAC    ] [I] [    0] BSR:   triggered_bsr_type=none, LCID QUEUE status: 0: 0 1: 0 
2025-04-03T20:17:38.439354 [STCK   ] [I] tti_tprof: {mean, max, min} = {0.00, 0, 0} msec
2025-04-03T20:17:39.379221 [MAC    ] [I] [    0] BSR:   triggered_bsr_type=none, LCID QUEUE status: 0: 0 1: 0 
2025-04-03T20:17:39.463302 [STCK   ] [I] tti_tprof: {mean, max, min} = {0.00, 0, 0} msec
2025-04-03T20:17:40.378259 [MAC    ] [I] [    0] BSR:   triggered_bsr_type=none, LCID QUEUE status: 0: 0 1: 0 
2025-04-03T20:17:40.487236 [STCK   ] [I] tti_tprof: {mean, max, min} = {0.00, 0, 0} msec
2025-04-03T20:17:41.377206 [MAC    ] [I] [    0] BSR:   triggered_bsr_type=none, LCID QUEUE status: 0: 0 1: 0 
2025-04-03T20:17:41.511178 [STCK   ] [I] tti_tprof: {mean, max, min} = {0.00, 0, 0} msec
2025-04-03T20:17:42.376182 [MAC    ] [I] [    0] BSR:   triggered_bsr_type=none, LCID QUEUE status: 0: 0 1: 0 
2025-04-03T20:17:42.535101 [STCK   ] [I] tti_tprof: {mean, max, min} = {0.00, 0, 0} msec
2025-04-03T20:17:43.375177 [MAC    ] [I] [    0] BSR:   triggered_bsr_type=none, LCID QUEUE status: 0: 0 1: 0 
2025-04-03T20:17:43.559244 [STCK   ] [I] tti_tprof: {mean, max, min} = {0.00, 0, 0} msec
2025-04-03T20:17:44.374086 [MAC    ] [I] [    0] BSR:   triggered_bsr_type=none, LCID QUEUE status: 0: 0 1: 0 
2025-04-03T20:17:44.583188 [STCK   ] [I] tti_tprof: {mean, max, min} = {0.00, 0, 0} msec
2025-04-03T20:17:45.373076 [MAC    ] [I] [    0] BSR:   triggered_bsr_type=none, LCID QUEUE status: 0: 0 1: 0 
2025-04-03T20:17:45.607114 [STCK   ] [I] tti_tprof: {mean, max, min} = {0.00, 0, 0} msec
2025-04-03T20:17:46.372129 [MAC    ] [I] [    0] BSR:   triggered_bsr_type=none, LCID QUEUE status: 0: 0 1: 0 
2025-04-03T20:17:46.631047 [STCK   ] [I] tti_tprof: {mean, max, min} = {0.00, 0, 0} msec
2025-04-03T20:17:47.371043 [MAC    ] [I] [    0] BSR:   triggered_bsr_type=none, LCID QUEUE status: 0: 0 1: 0 
2025-04-03T20:17:47.655019 [STCK   ] [I] tti_tprof: {mean, max, min} = {0.00, 0, 0} msec
2025-04-03T20:17:48.370071 [MAC    ] [I] [    0] BSR:   triggered_bsr_type=none, LCID QUEUE status: 0: 0 1: 0 
2025-04-03T20:17:48.679017 [STCK   ] [I] tti_tprof: {mean, max, min} = {0.00, 0, 0} msec
2025-04-03T20:17:49.369024 [MAC    ] [I] [    0] BSR:   triggered_bsr_type=none, LCID QUEUE status: 0: 0 1: 0 
2025-04-03T20:17:49.703046 [STCK   ] [I] tti_tprof: {mean, max, min} = {0.00, 0, 0} msec
2025-04-03T20:17:50.367960 [MAC    ] [I] [    0] BSR:   triggered_bsr_type=none, LCID QUEUE status: 0: 0 1: 0 
2025-04-03T20:17:50.727021 [STCK   ] [I] tti_tprof: {mean, max, min} = {0.00, 0, 0} msec
2025-04-03T20:17:51.366943 [MAC    ] [I] [    0] BSR:   triggered_bsr_type=none, LCID QUEUE status: 0: 0 1: 0 
2025-04-03T20:17:51.750906 [STCK   ] [I] tti_tprof: {mean, max, min} = {0.00, 0, 0} msec
2025-04-03T20:17:52.365962 [MAC    ] [I] [    0] BSR:   triggered_bsr_type=none, LCID QUEUE status: 0: 0 1: 0 
2025-04-03T20:17:52.774878 [STCK   ] [I] tti_tprof: {mean, max, min} = {0.00, 0, 0} msec
2025-04-03T20:17:53.364941 [MAC    ] [I] [    0] BSR:   triggered_bsr_type=none, LCID QUEUE status: 0: 0 1: 0 
2025-04-03T20:17:53.798883 [STCK   ] [I] tti_tprof: {mean, max, min} = {0.00, 0, 0} msec
2025-04-03T20:17:54.363807 [MAC    ] [I] [    0] BSR:   triggered_bsr_type=none, LCID QUEUE status: 0: 0 1: 0 
2025-04-03T20:17:54.822810 [STCK   ] [I] tti_tprof: {mean, max, min} = {0.00, 0, 0} msec
2025-04-03T20:17:55.362793 [MAC    ] [I] [    0] BSR:   triggered_bsr_type=none, LCID QUEUE status: 0: 0 1: 0 
2025-04-03T20:17:55.846900 [STCK   ] [I] tti_tprof: {mean, max, min} = {0.00, 0, 0} msec
2025-04-03T20:17:56.361798 [MAC    ] [I] [    0] BSR:   triggered_bsr_type=none, LCID QUEUE status: 0: 0 1: 0 
2025-04-03T20:17:56.870836 [STCK   ] [I] tti_tprof: {mean, max, min} = {0.00, 0, 0} msec
2025-04-03T20:17:57.360774 [MAC    ] [I] [    0] BSR:   triggered_bsr_type=none, LCID QUEUE status: 0: 0 1: 0 
2025-04-03T20:17:57.894799 [STCK   ] [I] tti_tprof: {mean, max, min} = {0.00, 0, 0} msec
2025-04-03T20:17:58.359857 [MAC    ] [I] [    0] BSR:   triggered_bsr_type=none, LCID QUEUE status: 0: 0 1: 0 
2025-04-03T20:17:58.918800 [STCK   ] [I] tti_tprof: {mean, max, min} = {0.00, 0, 0} msec
2025-04-03T20:17:59.358818 [MAC    ] [I] [    0] BSR:   triggered_bsr_type=none, LCID QUEUE status: 0: 0 1: 0 
2025-04-03T20:17:59.942761 [STCK   ] [I] tti_tprof: {mean, max, min} = {0.00, 0, 0} msec
2025-04-03T20:18:00.357725 [MAC    ] [I] [    0] BSR:   triggered_bsr_type=none, LCID QUEUE status: 0: 0 1: 0 
2025-04-03T20:18:00.966726 [STCK   ] [I] tti_tprof: {mean, max, min} = {0.00, 0, 0} msec
2025-04-03T20:18:01.356667 [MAC    ] [I] [    0] BSR:   triggered_bsr_type=none, LCID QUEUE status: 0: 0 1: 0 
2025-04-03T20:18:01.990694 [STCK   ] [I] tti_tprof: {mean, max, min} = {0.00, 0, 0} msec
2025-04-03T20:18:02.355673 [MAC    ] [I] [    0] BSR:   triggered_bsr_type=none, LCID QUEUE status: 0: 0 1: 0 
2025-04-03T20:18:03.014629 [STCK   ] [I] tti_tprof: {mean, max, min} = {0.00, 0, 0} msec
2025-04-03T20:18:03.354719 [MAC    ] [I] [    0] BSR:   triggered_bsr_type=none, LCID QUEUE status: 0: 0 1: 0 
2025-04-03T20:18:04.038680 [STCK   ] [I] tti_tprof: {mean, max, min} = {0.00, 0, 0} msec
2025-04-03T20:18:04.353636 [MAC    ] [I] [    0] BSR:   triggered_bsr_type=none, LCID QUEUE status: 0: 0 1: 0 
2025-04-03T20:18:05.062622 [STCK   ] [I] tti_tprof: {mean, max, min} = {0.00, 0, 0} msec
2025-04-03T20:18:05.352663 [MAC    ] [I] [    0] BSR:   triggered_bsr_type=none, LCID QUEUE status: 0: 0 1: 0 
2025-04-03T20:18:06.086529 [STCK   ] [I] tti_tprof: {mean, max, min} = {0.00, 0, 0} msec
2025-04-03T20:18:06.351598 [MAC    ] [I] [    0] BSR:   triggered_bsr_type=none, LCID QUEUE status: 0: 0 1: 0 
2025-04-03T20:18:07.110587 [STCK   ] [I] tti_tprof: {mean, max, min} = {0.00, 0, 0} msec
2025-04-03T20:18:07.350594 [MAC    ] [I] [    0] BSR:   triggered_bsr_type=none, LCID QUEUE status: 0: 0 1: 0 
2025-04-03T20:18:08.134592 [STCK   ] [I] tti_tprof: {mean, max, min} = {0.00, 0, 0} msec
2025-04-03T20:18:08.349510 [MAC    ] [I] [    0] BSR:   triggered_bsr_type=none, LCID QUEUE status: 0: 0 1: 0 
2025-04-03T20:18:09.158560 [STCK   ] [I] tti_tprof: {mean, max, min} = {0.00, 0, 0} msec
2025-04-03T20:18:09.348564 [MAC    ] [I] [    0] BSR:   triggered_bsr_type=none, LCID QUEUE status: 0: 0 1: 0 
2025-04-03T20:18:10.182489 [STCK   ] [I] tti_tprof: {mean, max, min} = {0.00, 0, 0} msec
2025-04-03T20:18:10.347528 [MAC    ] [I] [    0] BSR:   triggered_bsr_type=none, LCID QUEUE status: 0: 0 1: 0 
2025-04-03T20:18:11.206399 [STCK   ] [I] tti_tprof: {mean, max, min} = {0.00, 0, 0} msec
2025-04-03T20:18:11.346417 [MAC    ] [I] [    0] BSR:   triggered_bsr_type=none, LCID QUEUE status: 0: 0 1: 0 
2025-04-03T20:18:12.230424 [STCK   ] [I] tti_tprof: {mean, max, min} = {0.00, 0, 0} msec
2025-04-03T20:18:12.345396 [MAC    ] [I] [    0] BSR:   triggered_bsr_type=none, LCID QUEUE status: 0: 0 1: 0 
2025-04-03T20:18:13.254448 [STCK   ] [I] tti_tprof: {mean, max, min} = {0.00, 0, 0} msec
2025-04-03T20:18:13.344397 [MAC    ] [I] [    0] BSR:   triggered_bsr_type=none, LCID QUEUE status: 0: 0 1: 0 
2025-04-03T20:18:14.278449 [STCK   ] [I] tti_tprof: {mean, max, min} = {0.00, 0, 0} msec
2025-04-03T20:18:14.343412 [MAC    ] [I] [    0] BSR:   triggered_bsr_type=none, LCID QUEUE status: 0: 0 1: 0 
2025-04-03T20:18:15.302380 [STCK   ] [I] tti_tprof: {mean, max, min} = {0.00, 0, 0} msec
2025-04-03T20:18:15.342360 [MAC    ] [I] [    0] BSR:   triggered_bsr_type=none, LCID QUEUE status: 0: 0 1: 0 
2025-04-03T20:18:16.326343 [STCK   ] [I] tti_tprof: {mean, max, min} = {0.00, 0, 0} msec
2025-04-03T20:18:16.341355 [MAC    ] [I] [    0] BSR:   triggered_bsr_type=none, LCID QUEUE status: 0: 0 1: 0 
2025-04-03T20:18:17.340272 [MAC    ] [I] [    0] BSR:   triggered_bsr_type=none, LCID QUEUE status: 0: 0 1: 0 
2025-04-03T20:18:17.350241 [STCK   ] [I] tti_tprof: {mean, max, min} = {0.00, 0, 0} msec
2025-04-03T20:18:18.339252 [MAC    ] [I] [    0] BSR:   triggered_bsr_type=none, LCID QUEUE status: 0: 0 1: 0 
2025-04-03T20:18:18.374351 [STCK   ] [I] tti_tprof: {mean, max, min} = {0.00, 0, 0} msec
2025-04-03T20:18:19.338230 [MAC    ] [I] [    0] BSR:   triggered_bsr_type=none, LCID QUEUE status: 0: 0 1: 0 
2025-04-03T20:18:19.398326 [STCK   ] [I] tti_tprof: {mean, max, min} = {0.00, 0, 0} msec
2025-04-03T20:18:20.337289 [MAC    ] [I] [    0] BSR:   triggered_bsr_type=none, LCID QUEUE status: 0: 0 1: 0 
2025-04-03T20:18:20.422203 [STCK   ] [I] tti_tprof: {mean, max, min} = {0.00, 0, 0} msec
2025-04-03T20:18:21.336215 [MAC    ] [I] [    0] BSR:   triggered_bsr_type=none, LCID QUEUE status: 0: 0 1: 0 
2025-04-03T20:18:21.446193 [STCK   ] [I] tti_tprof: {mean, max, min} = {0.00, 0, 0} msec
2025-04-03T20:18:22.335241 [MAC    ] [I] [    0] BSR:   triggered_bsr_type=none, LCID QUEUE status: 0: 0 1: 0 
2025-04-03T20:18:22.470216 [STCK   ] [I] tti_tprof: {mean, max, min} = {0.00, 0, 0} msec
2025-04-03T20:18:23.334097 [MAC    ] [I] [    0] BSR:   triggered_bsr_type=none, LCID QUEUE status: 0: 0 1: 0 
2025-04-03T20:18:23.494099 [STCK   ] [I] tti_tprof: {mean, max, min} = {0.00, 0, 0} msec
2025-04-03T20:18:24.333069 [MAC    ] [I] [    0] BSR:   triggered_bsr_type=none, LCID QUEUE status: 0: 0 1: 0 
2025-04-03T20:18:24.518213 [STCK   ] [I] tti_tprof: {mean, max, min} = {0.00, 0, 0} msec
2025-04-03T20:18:25.332081 [MAC    ] [I] [    0] BSR:   triggered_bsr_type=none, LCID QUEUE status: 0: 0 1: 0 
2025-04-03T20:18:25.542131 [STCK   ] [I] tti_tprof: {mean, max, min} = {0.00, 0, 0} msec
2025-04-03T20:18:26.331099 [MAC    ] [I] [    0] BSR:   triggered_bsr_type=none, LCID QUEUE status: 0: 0 1: 0 
2025-04-03T20:18:26.566050 [STCK   ] [I] tti_tprof: {mean, max, min} = {0.00, 0, 0} msec
2025-04-03T20:18:27.330082 [MAC    ] [I] [    0] BSR:   triggered_bsr_type=none, LCID QUEUE status: 0: 0 1: 0 
2025-04-03T20:18:27.590087 [STCK   ] [I] tti_tprof: {mean, max, min} = {0.00, 0, 0} msec
2025-04-03T20:18:28.329007 [MAC    ] [I] [    0] BSR:   triggered_bsr_type=none, LCID QUEUE status: 0: 0 1: 0 
2025-04-03T20:18:28.613966 [STCK   ] [I] tti_tprof: {mean, max, min} = {0.00, 0, 0} msec
2025-04-03T20:18:29.327993 [MAC    ] [I] [    0] BSR:   triggered_bsr_type=none, LCID QUEUE status: 0: 0 1: 0 
2025-04-03T20:18:29.637992 [STCK   ] [I] tti_tprof: {mean, max, min} = {0.00, 0, 0} msec
2025-04-03T20:18:29.697281 [NAS    ] [I] Switching off
2025-04-03T20:18:30.327015 [MAC    ] [I] [    0] BSR:   triggered_bsr_type=none, LCID QUEUE status: 0: 0 1: 0 
